JvmtiExport can_access_local_variables 0
JvmtiExport can_hotswap_or_post_breakpoint 0
JvmtiExport can_post_on_exceptions 0
# 126 ciObject found
ciMethod java/lang/Object getClass ()Ljava/lang/Class; 2049 1 256 0 -1
ciMethod java/lang/System arraycopy (Ljava/lang/Object;ILjava/lang/Object;II)V 5121 1 640 0 -1
ciMethod sun/misc/Unsafe compareAndSwapObject (Ljava/lang/Object;JLjava/lang/Object;Ljava/lang/Object;)Z 2049 1 256 0 -1
ciMethod java/io/InputStream read ([BII)I 9 1993 1 0 -1
ciMethod java/io/FileInputStream readBytes ([BII)I 2049 1 256 0 -1
ciMethod java/io/FileInputStream read ([BII)I 2049 1 1877 0 0
ciMethod java/io/BufferedInputStream getInIfOpen ()Ljava/io/InputStream; 81 1 4863 0 0
ciMethod java/io/BufferedInputStream getBufIfOpen ()[B 4009 1 27644 0 0
ciMethod java/io/BufferedInputStream fill ()V 17 1 2442 0 0
ciMethod java/io/BufferedInputStream read1 ([BII)I 4089 1 7039 0 -1
ciMethod java/util/concurrent/atomic/AtomicReferenceFieldUpdater compareAndSet (Ljava/lang/Object;Ljava/lang/Object;Ljava/lang/Object;)Z 0 0 1 0 -1
ciMethod java/util/concurrent/atomic/AtomicReferenceFieldUpdater$AtomicReferenceFieldUpdaterImpl updateCheck (Ljava/lang/Object;Ljava/lang/Object;)V 17 1 6 0 -1
ciMethod java/util/concurrent/atomic/AtomicReferenceFieldUpdater$AtomicReferenceFieldUpdaterImpl compareAndSet (Ljava/lang/Object;Ljava/lang/Object;Ljava/lang/Object;)Z 1105 1 2451 0 0
ciMethodData java/io/BufferedInputStream getBufIfOpen ()[B 2 27644 orig 264 8 177 65 108 0 0 0 0 0 73 221 20 0 0 0 0 80 1 0 0 0 0 0 0 0 0 0 0 0 0 0 0 0 0 0 0 0 0 0 0 0 0 0 0 0 0 0 0 0 0 0 0 0 0 0 0 0 0 0 0 0 0 0 0 0 0 0 0 0 0 0 0 0 0 0 0 0 0 0 0 77 68 79 32 101 120 116 114 97 32 100 97 116 97 32 108 111 99 107 0 0 0 0 0 0 0 0 0 0 0 0 0 0 0 0 0 0 0 0 0 0 0 0 0 0 0 0 0 0 0 0 0 0 0 0 0 0 0 0 0 0 0 0 0 0 0 0 0 0 0 0 0 0 0 0 0 0 0 0 0 0 0 0 0 0 0 0 0 0 0 0 0 0 0 0 0 0 0 0 0 0 0 0 0 0 0 0 0 0 0 0 0 0 0 0 0 0 0 0 0 0 0 0 0 0 0 0 0 0 0 0 0 0 0 0 0 237 1 0 0 57 80 3 0 1 0 0 0 0 0 0 0 0 0 0 0 2 0 0 0 0 0 5 0 2 0 0 0 48 0 0 0 255 255 255 255 7 0 6 0 0 0 0 0 data 6 0x60007 0x6a06 0x30 0x0 0xf0002 0x0 oops 0
ciMethodData java/io/BufferedInputStream fill ()V 2 2442 orig 264 8 177 65 108 0 0 0 0 232 75 221 20 0 0 0 0 136 3 0 0 208 1 0 0 0 0 0 0 0 0 0 0 0 0 0 0 0 0 0 0 0 0 0 0 0 0 0 0 0 0 0 0 0 0 0 0 0 0 0 0 0 0 0 0 0 0 0 0 0 0 0 0 0 0 0 0 0 0 0 0 77 68 79 32 101 120 116 114 97 32 100 97 116 97 32 108 111 99 107 0 0 0 0 0 0 0 0 0 0 0 0 0 0 0 0 0 0 0 0 0 0 0 0 0 0 0 0 0 0 0 0 0 0 0 0 0 0 0 0 0 0 0 0 0 0 0 0 0 0 0 0 0 0 0 0 0 0 0 0 0 0 0 0 0 0 0 0 0 0 0 0 0 0 0 0 0 0 0 0 0 0 0 0 0 0 0 0 0 0 0 0 0 0 0 0 0 0 0 0 0 0 0 0 0 0 0 0 0 0 0 0 0 0 0 0 0 2 0 0 0 65 76 0 0 1 0 0 0 0 0 0 0 0 0 0 0 2 0 0 0 0 0 31 0 2 0 0 0 64 2 0 0 255 255 255 255 2 0 1 0 0 0 0 0 data 72 0x10002 0x988 0x90007 0x2f3 0x38 0x695 0x110003 0x695 0x1b0 0x1a0007 0x25f 0x198 0x94 0x210007 0x94 0x48 0x0 0x360002 0x0 0x430003 0x0 0x148 0x4c0007 0x55 0x38 0x3f 0x590003 0x3f 0x110 0x610007 0x55 0x30 0x0 0x6a0002 0x0 0x7a0007 0x0 0x38 0x55 0x830003 0x55 0x18 0x8f0007 0x0 0x20 0x55 0xa30002 0x55 0xac0005 0x0 0x1a35a430 0x55 0x0 0x0 0xaf0007 0x55 0x30 0x0 0xb80002 0x0 0xc70002 0x988 0xd60005 0x807 0x1a35b180 0x1 0x1d4a5ee0 0x180 0xdb0007 0x1be 0x20 0x7c6 oops 3 50 java/util/concurrent/atomic/AtomicReferenceFieldUpdater$AtomicReferenceFieldUpdaterImpl 64 java/util/jar/JarInputStream 66 java/io/FileInputStream
ciMethodData java/io/BufferedInputStream read1 ([BII)I 2 7039 orig 264 8 177 65 108 0 0 0 0 184 77 221 20 0 0 0 0 152 2 0 0 128 0 0 0 0 0 0 0 0 0 0 0 0 0 0 0 0 0 0 0 0 0 0 0 0 0 0 0 0 0 0 0 0 0 0 0 0 0 0 0 0 0 0 0 0 0 0 0 0 0 0 0 0 0 0 0 0 0 0 0 77 68 79 32 101 120 116 114 97 32 100 97 116 97 32 108 111 99 107 0 0 0 0 0 0 0 0 0 0 0 0 0 0 0 0 0 0 0 0 0 0 0 0 0 0 0 0 0 0 0 0 0 0 0 0 0 0 0 0 0 0 0 0 0 1 0 0 0 0 0 0 0 0 0 0 0 0 0 0 0 0 0 0 0 5 0 0 0 0 0 0 0 0 0 0 0 0 0 0 0 0 0 0 0 0 0 0 0 0 0 0 0 0 0 0 0 0 0 0 0 0 0 0 0 0 0 0 0 0 0 0 0 0 0 0 0 255 1 0 0 1 204 0 0 1 0 0 0 0 0 0 0 0 0 0 0 2 0 0 0 0 0 25 0 2 0 0 0 56 1 0 0 255 255 255 255 7 0 13 0 0 0 0 0 data 39 0xd0007 0x1509 0xe0 0x477 0x120002 0x477 0x160007 0x303 0x80 0x174 0x1d0007 0x22 0x60 0x152 0x210002 0x152 0x27c005 0x2 0x1d4a5ee0 0x152 0x1d4a5f70 0x3 0x2c0002 0x325 0x3c0007 0x164 0x20 0x1bd 0x440007 0x1365 0x38 0x308 0x490003 0x308 0x18 0x500002 0x166d 0x5b0002 0x166d oops 2 18 java/io/FileInputStream 20 org/gradle/internal/io/RandomAccessFileInputStream
ciMethodData java/io/BufferedInputStream getInIfOpen ()Ljava/io/InputStream; 2 4863 orig 264 8 177 65 108 0 0 0 0 80 72 221 20 0 0 0 0 80 1 0 0 0 0 0 0 0 0 0 0 0 0 0 0 0 0 0 0 0 0 0 0 0 0 0 0 0 0 0 0 0 0 0 0 0 0 0 0 0 0 0 0 0 0 0 0 0 0 0 0 0 0 0 0 0 0 0 0 0 0 0 0 77 68 79 32 101 120 116 114 97 32 100 97 116 97 32 108 111 99 107 0 0 0 0 0 0 0 0 0 0 0 0 0 0 0 0 0 0 0 0 0 0 0 0 0 0 0 0 0 0 0 0 0 0 0 0 0 0 0 0 0 0 0 0 0 0 0 0 0 0 0 0 0 0 0 0 0 0 0 0 0 0 0 0 0 0 0 0 0 0 0 0 0 0 0 0 0 0 0 0 0 0 0 0 0 25 0 0 0 0 0 0 0 0 0 0 0 0 0 0 0 1 0 0 0 0 0 0 0 0 0 0 0 0 0 0 0 10 0 0 0 169 151 0 0 1 0 0 0 0 0 0 0 0 0 0 0 2 0 0 0 0 0 5 0 2 0 0 0 48 0 0 0 255 255 255 255 7 0 6 0 0 0 0 0 data 6 0x60007 0x12f5 0x30 0x0 0xf0002 0x0 oops 0
ciMethodData java/util/concurrent/atomic/AtomicReferenceFieldUpdater$AtomicReferenceFieldUpdaterImpl compareAndSet (Ljava/lang/Object;Ljava/lang/Object;Ljava/lang/Object;)Z 2 2451 orig 264 8 177 65 108 0 0 0 0 232 122 221 20 0 0 0 0 224 2 0 0 32 1 0 0 0 0 0 0 0 0 0 0 0 0 0 0 0 0 0 0 0 0 0 0 0 0 0 0 0 0 0 0 0 0 0 0 0 0 0 0 0 0 0 0 0 0 0 0 0 0 0 0 0 0 0 0 0 0 0 0 77 68 79 32 101 120 116 114 97 32 100 97 116 97 32 108 111 99 107 0 0 0 0 0 0 0 0 0 0 0 0 0 0 0 0 0 0 0 0 0 0 0 0 0 0 0 0 0 0 0 0 0 0 0 0 0 0 0 0 0 0 0 0 0 0 0 0 0 0 0 0 0 0 0 0 0 0 0 0 0 0 0 0 0 0 0 0 0 0 0 0 0 0 0 0 0 0 0 0 0 0 0 0 0 17 0 0 0 0 0 0 0 0 0 0 0 0 0 0 0 1 0 0 0 0 0 0 0 0 0 0 0 0 0 0 0 138 0 0 0 73 72 0 0 1 0 0 0 0 0 0 0 0 0 0 0 2 0 0 0 0 0 17 0 2 0 0 0 128 1 0 0 255 255 255 255 7 0 1 0 0 0 0 0 data 48 0x10007 0x0 0x120 0x909 0x50005 0x83 0x1d4a59e0 0x886 0x0 0x0 0xc0007 0x0 0xd0 0x909 0x130007 0x0 0xb0 0x909 0x170007 0x891 0xc0 0x78 0x1e0007 0x0 0xa0 0x78 0x260005 0x14 0x1565e540 0x64 0x0 0x0 0x290007 0x78 0x50 0x0 0x2f0005 0x0 0x0 0x0 0x0 0x0 0x3c0005 0x83 0x0 0x0 0x0 0x0 oops 2 6 java/io/BufferedInputStream 28 [B
ciMethodData java/io/FileInputStream read ([BII)I 2 1877 orig 264 8 177 65 108 0 0 0 0 224 245 220 20 0 0 0 0 72 1 0 0 0 0 0 0 0 0 0 0 0 0 0 0 0 0 0 0 0 0 0 0 0 0 0 0 0 0 0 0 0 0 0 0 0 0 0 0 0 0 0 0 0 0 0 0 0 0 0 0 0 0 0 0 0 0 0 0 0 0 0 0 77 68 79 32 101 120 116 114 97 32 100 97 116 97 32 108 111 99 107 0 0 0 0 0 0 0 0 0 0 0 0 0 0 0 0 0 0 0 0 0 0 0 0 0 0 0 0 0 0 0 0 0 0 0 0 0 0 0 0 0 0 0 0 0 0 0 0 0 0 0 0 0 0 0 0 0 0 0 0 0 0 0 0 0 0 0 0 0 0 0 0 0 0 0 0 0 0 0 0 0 0 0 0 0 0 0 0 0 0 0 0 0 0 0 0 0 0 0 0 0 0 0 0 0 0 0 0 0 0 0 0 0 0 0 0 0 0 1 0 0 169 50 0 0 1 0 0 0 0 0 0 0 0 0 0 0 2 0 0 0 0 0 3 0 2 0 0 0 16 0 0 0 255 255 255 255 2 0 4 0 0 0 0 0 data 2 0x40002 0x655 oops 0
instanceKlass org/gradle/process/internal/JavaExecAction
instanceKlass com/android/build/gradle/internal/process/GradleJavaProcessExecutor$ExecAction
instanceKlass com/android/ide/common/process/ProcessInfoBuilder$JavaProcessInfoImpl
instanceKlass com/android/builder/core/DexProcessBuilder$1
instanceKlass com/android/builder/core/AndroidBuilder$3
instanceKlass com/android/builder/internal/compiler/PreProcessCache$Item
instanceKlass com/google/common/hash/Funnel
instanceKlass com/google/common/hash/Funnels
instanceKlass com/android/build/gradle/internal/transforms/DexTransform$PreDexTask
instanceKlass com/android/build/gradle/internal/transforms/DexTransform$4
instanceKlass com/android/ide/common/blame/parser/DexParser
instanceKlass com/android/build/gradle/internal/transforms/InstantRunSlicer$Slice$SlicedElement
instanceKlass com/android/build/gradle/internal/transforms/InstantRunSlicer$Slice
instanceKlass com/android/build/gradle/internal/transforms/InstantRunSlicer$Slices
instanceKlass com/google/common/hash/Hashing$Md5Holder
instanceKlass com/android/build/gradle/tasks/MarkerFile
instanceKlass com/android/build/gradle/internal/transforms/InstantRunDex$2
instanceKlass com/android/build/gradle/internal/pipeline/IntermediateFolderUtils$7
instanceKlass com/android/build/gradle/internal/pipeline/IntermediateFolderUtils$6
instanceKlass com/android/build/gradle/internal/pipeline/IntermediateFolderUtils$5
instanceKlass com/android/build/gradle/internal/pipeline/IntermediateFolderUtils$2
instanceKlass com/android/ide/common/util/UrlClassLoaderUtil
instanceKlass org/objectweb/asm/tree/TryCatchBlockNode
instanceKlass com/android/build/gradle/internal/incremental/ByteCodeUtils
instanceKlass com/android/build/gradle/internal/incremental/StringSwitch$2
instanceKlass com/google/common/collect/Multimaps
instanceKlass com/android/build/gradle/internal/incremental/StringSwitch$1
instanceKlass com/android/build/gradle/internal/incremental/StringSwitch
instanceKlass com/android/build/gradle/internal/incremental/IncrementalSupportVisitor$MethodReference
instanceKlass com/android/build/gradle/internal/incremental/ConstructorDelegationDetector$Constructor
instanceKlass org/objectweb/asm/tree/analysis/Subroutine
instanceKlass org/objectweb/asm/tree/analysis/Frame
instanceKlass org/objectweb/asm/tree/analysis/Analyzer
instanceKlass org/objectweb/asm/tree/analysis/BasicValue
instanceKlass org/objectweb/asm/tree/analysis/Value
instanceKlass org/objectweb/asm/Opcodes
instanceKlass org/objectweb/asm/tree/analysis/Interpreter
instanceKlass com/android/build/gradle/internal/incremental/ConstructorDelegationDetector
instanceKlass org/objectweb/asm/commons/Method
instanceKlass com/android/build/gradle/internal/incremental/InstantRunMethodVerifier
instanceKlass com/android/build/gradle/internal/incremental/IncrementalSupportVisitor$VisitorBuilder
instanceKlass com/android/build/gradle/internal/incremental/Redirection
instanceKlass com/android/build/gradle/internal/incremental/IncrementalVisitor$VisitorBuilder
instanceKlass com/android/build/gradle/internal/pipeline/IntermediateFolderUtils$8
instanceKlass com/android/ide/common/packaging/PackagingUtils
instanceKlass com/android/build/gradle/internal/transforms/MergeJavaResourcesTransform$2
instanceKlass com/android/build/api/transform/JarInput
instanceKlass com/google/common/hash/HashCode
instanceKlass com/google/common/hash/AbstractHasher
instanceKlass com/google/common/hash/Hasher
instanceKlass com/google/common/hash/AbstractStreamingHashFunction
instanceKlass com/google/common/hash/Hashing$Sha1Holder
instanceKlass com/google/common/hash/HashFunction
instanceKlass com/google/common/hash/Hashing
instanceKlass com/android/build/gradle/internal/pipeline/QualifiedContentImpl
instanceKlass com/android/build/api/transform/DirectoryInput
instanceKlass com/android/build/gradle/internal/pipeline/TransformInvocationBuilder$1
instanceKlass com/android/build/gradle/internal/pipeline/TransformOutputProviderImpl
instanceKlass com/android/build/api/transform/TransformInvocation
instanceKlass com/android/build/gradle/internal/pipeline/TransformInvocationBuilder
instanceKlass com/android/ide/common/util/ReferenceHolder
instanceKlass org/gradle/api/internal/tasks/compile/incremental/jar/JarClasspathSnapshot
instanceKlass org/gradle/api/internal/tasks/compile/incremental/jar/JarClasspathSnapshotData
instanceKlass org/gradle/api/internal/tasks/compile/incremental/jar/JarSnapshotData
instanceKlass org/gradle/api/internal/tasks/compile/incremental/jar/DefaultJarSnapshotCache$2
instanceKlass org/gradle/api/internal/tasks/compile/incremental/jar/JarSnapshot
instanceKlass org/gradle/api/internal/tasks/compile/incremental/jar/CachingJarSnapshotter$1
instanceKlass org/gradle/api/internal/tasks/compile/incremental/jar/JarArchive
instanceKlass org/gradle/api/internal/tasks/compile/incremental/deps/DependencyToAll
instanceKlass org/gradle/api/internal/tasks/compile/incremental/deps/ClassSetAnalysisData
instanceKlass org/gradle/api/internal/cache/MinimalPersistentCache$2
instanceKlass org/objectweb/asm/Context
instanceKlass org/objectweb/asm/Attribute
instanceKlass org/objectweb/asm/ClassReader
instanceKlass org/gradle/api/internal/tasks/compile/incremental/analyzer/ClassRelevancyFilter
instanceKlass org/gradle/api/internal/tasks/compile/incremental/deps/DefaultDependentsSet
instanceKlass org/gradle/api/internal/tasks/compile/incremental/analyzer/ClassAnalysis
instanceKlass org/gradle/api/internal/cache/MinimalPersistentCache$1
instanceKlass org/gradle/api/internal/tasks/compile/incremental/analyzer/CachingClassDependenciesAnalyzer$1
instanceKlass org/gradle/api/internal/tasks/compile/incremental/deps/ClassDependentsAccumulator
instanceKlass org/gradle/api/internal/tasks/compile/incremental/analyzer/ClassFilesAnalyzer
instanceKlass org/gradle/api/internal/tasks/compile/incremental/RecompilationNotNecessary
instanceKlass java/util/WeakHashMap$HashIterator
instanceKlass com/sun/tools/javac/jvm/ClassFile$NameAndType
instanceKlass com/sun/tools/javac/jvm/ClassWriter$1
instanceKlass javax/tools/StandardLocation$2
instanceKlass com/sun/tools/javac/jvm/Code$Chain
instanceKlass com/sun/tools/javac/jvm/ClassWriter$StackMapTableFrame
instanceKlass com/sun/tools/javac/jvm/Code$StackMapFrame
instanceKlass com/sun/tools/javac/code/Types$UniqueType
instanceKlass com/sun/tools/javac/model/FilteredMemberList$1
instanceKlass com/sun/tools/javac/jvm/Code$LocalVar$Range
instanceKlass com/sun/tools/javac/jvm/Items
instanceKlass com/sun/tools/javac/jvm/Code$LocalVar
instanceKlass com/sun/tools/javac/jvm/Code$State
instanceKlass com/sun/tools/javac/jvm/Code$1
instanceKlass com/sun/tools/javac/jvm/Code
instanceKlass com/sun/tools/javac/jvm/Gen$GenContext
instanceKlass com/sun/tools/javac/jvm/Gen$3
instanceKlass com/sun/tools/javac/comp/Lower$7
instanceKlass com/sun/tools/javac/tree/TreeMaker$1
instanceKlass com/sun/tools/javac/comp/Flow$2
instanceKlass com/sun/tools/javac/util/Bits$1
instanceKlass com/sun/tools/javac/util/Bits
instanceKlass com/sun/tools/javac/comp/Flow$BaseAnalyzer$PendingExit
instanceKlass com/sun/tools/javac/comp/Resolve$MostSpecificCheck
instanceKlass com/sun/tools/javac/comp/Infer$IncorporationBinaryOp
instanceKlass java/util/EnumMap$EntryIterator$Entry
instanceKlass com/sun/tools/javac/code/Type$UndetVar$2
instanceKlass com/sun/tools/javac/code/Types$TypePair
instanceKlass com/sun/tools/javac/comp/Infer$MultiUndetVarListener
instanceKlass com/sun/tools/javac/comp/Infer$BoundFilter
instanceKlass com/sun/tools/javac/comp/Infer$InferenceContext$2
instanceKlass com/sun/tools/javac/code/Type$UndetVar$UndetVarListener
instanceKlass com/sun/tools/javac/comp/Resolve$MethodCheckContext
instanceKlass com/sun/tools/javac/code/Flags
instanceKlass com/sun/tools/javac/comp/Resolve$MethodResolutionContext$Candidate
instanceKlass com/sun/tools/javac/comp/Resolve$LookupFilter
instanceKlass com/sun/tools/javac/comp/Resolve$5$1
instanceKlass com/sun/tools/javac/comp/Resolve$5
instanceKlass com/sun/tools/javac/comp/Resolve$MethodResolutionContext
instanceKlass com/sun/tools/javac/code/Scope$4$1
instanceKlass com/sun/tools/javac/code/Scope$4
instanceKlass com/sun/tools/javac/code/Scope$CompoundScope$CompoundScopeIterator
instanceKlass com/sun/tools/javac/code/Scope$CompoundScope$2
instanceKlass com/sun/tools/javac/comp/Check$ClashFilter
instanceKlass com/sun/tools/javac/code/Types$ImplementationCache$Entry
instanceKlass com/sun/tools/javac/main/JavaCompiler$2
instanceKlass com/sun/tools/javac/comp/Annotate$AnnotateRepeatedContext
instanceKlass com/sun/tools/javac/code/Types$27
instanceKlass com/sun/tools/javac/code/Symbol$VarSymbol$2
instanceKlass com/sun/tools/javac/comp/MemberEnter$6
instanceKlass com/sun/tools/javac/comp/MemberEnter$5
instanceKlass com/sun/tools/javac/code/SymbolMetadata
instanceKlass com/sun/tools/javac/util/Pair
instanceKlass com/sun/tools/javac/jvm/ClassReader$AnnotationDeproxy
instanceKlass com/sun/tools/javac/jvm/ClassReader$ProxyVisitor
instanceKlass com/sun/tools/javac/code/Scope$1
instanceKlass com/sun/tools/javac/comp/Attr$14
instanceKlass com/sun/tools/javac/jvm/ClassReader$25
instanceKlass com/sun/tools/javac/comp/AttrContext
instanceKlass com/sun/tools/javac/file/ZipFileIndex$Entry
instanceKlass com/sun/tools/javac/file/ZipFileIndex$DirectoryEntry
instanceKlass com/sun/tools/javac/file/ZipFileIndex$ZipDirectory
instanceKlass com/sun/tools/javac/file/ZipFileIndex
instanceKlass com/sun/tools/javac/file/ZipFileIndexArchive
instanceKlass com/sun/tools/javac/parser/JavaTokenizer$BasicComment
instanceKlass com/sun/tools/javac/util/Position$LineMapImpl
instanceKlass com/sun/tools/javac/util/Position$LineMap
instanceKlass com/sun/tools/javac/util/Position
instanceKlass com/sun/tools/javac/tree/TreeInfo$2
instanceKlass com/sun/tools/javac/parser/JavacParser$2
instanceKlass com/sun/tools/javac/parser/JavaTokenizer$1
instanceKlass com/sun/tools/javac/util/ArrayUtils
instanceKlass com/sun/tools/javac/parser/JavacParser$1
instanceKlass com/sun/tools/javac/parser/JavacParser$ErrorRecoveryAction
instanceKlass com/sun/tools/javac/tree/DocCommentTable
instanceKlass com/sun/tools/javac/parser/JavacParser$AbstractEndPosTable
instanceKlass com/sun/tools/javac/tree/EndPosTable
instanceKlass com/sun/tools/javac/parser/JavacParser
instanceKlass com/sun/tools/javac/parser/UnicodeReader
instanceKlass sun/misc/FloatingDecimal$HexFloatPattern
instanceKlass com/sun/tools/javac/parser/Tokens$Comment
instanceKlass com/sun/tools/javac/parser/Scanner
instanceKlass com/sun/source/tree/LineMap
instanceKlass com/sun/tools/javac/util/BaseFileManager$ContentCacheEntry
instanceKlass com/sun/tools/javac/util/DiagnosticSource
instanceKlass com/sun/tools/javac/processing/JavacProcessingEnvironment$DiscoveredProcessors$ProcessorStateIterator
instanceKlass com/sun/tools/javac/processing/JavacProcessingEnvironment$DiscoveredProcessors
instanceKlass com/sun/tools/javac/util/ServiceLoader$1
instanceKlass com/sun/tools/javac/util/ServiceLoader$LazyIterator
instanceKlass com/sun/tools/javac/util/ServiceLoader
instanceKlass javax/annotation/processing/Processor
instanceKlass com/sun/tools/javac/processing/JavacProcessingEnvironment$ServiceIterator
instanceKlass com/sun/tools/javac/model/JavacTypes
instanceKlass com/sun/tools/javac/model/JavacElements
instanceKlass com/sun/tools/javac/processing/JavacMessager
instanceKlass com/sun/tools/javac/processing/JavacFiler
instanceKlass javax/annotation/processing/RoundEnvironment
instanceKlass javax/annotation/processing/Messager
instanceKlass javax/annotation/processing/Filer
instanceKlass com/sun/tools/javac/processing/JavacProcessingEnvironment
instanceKlass com/sun/tools/javac/util/ForwardingDiagnosticFormatter$ForwardingConfiguration
instanceKlass com/sun/tools/javac/code/Types$DefaultSymbolVisitor
instanceKlass com/sun/tools/javac/util/ForwardingDiagnosticFormatter
instanceKlass com/sun/tools/javac/util/StringUtils
instanceKlass com/sun/tools/javac/util/ListBuffer$1
instanceKlass com/sun/tools/javac/file/Locations$1
instanceKlass com/sun/tools/javac/api/MultiTaskListener
instanceKlass com/sun/tools/javac/comp/TransTypes$1
instanceKlass com/sun/tools/javac/jvm/Pool
instanceKlass com/sun/tools/javac/comp/Lower$TreeBuilder
instanceKlass com/sun/tools/javac/jvm/Gen$GenFinalizer
instanceKlass com/sun/tools/javac/jvm/Items$Item
instanceKlass com/sun/tools/javac/parser/JavaTokenizer
instanceKlass com/sun/tools/javac/parser/ScannerFactory
instanceKlass com/sun/tools/javac/parser/Tokens$Token
instanceKlass com/sun/tools/javac/parser/Tokens
instanceKlass com/sun/tools/javac/tree/DocTreeMaker
instanceKlass com/sun/tools/javac/parser/Lexer
instanceKlass com/sun/tools/javac/parser/ParserFactory
instanceKlass com/sun/tools/javac/jvm/JNIWriter
instanceKlass com/sun/tools/javac/code/Types$SignatureGenerator
instanceKlass com/sun/tools/javac/jvm/ClassWriter$AttributeWriter
instanceKlass com/sun/tools/javac/util/ByteBuffer
instanceKlass com/sun/tools/javac/jvm/ClassFile
instanceKlass com/sun/tools/javac/jvm/ClassReader$AttributeReader
instanceKlass com/sun/tools/javac/util/MandatoryWarningHandler
instanceKlass com/sun/tools/javac/tree/TreeInfo
instanceKlass com/sun/tools/javac/comp/DeferredAttr$4
instanceKlass com/sun/tools/javac/comp/DeferredAttr$3
instanceKlass com/sun/tools/javac/comp/DeferredAttr$2
instanceKlass com/sun/tools/javac/comp/DeferredAttr$DeferredAttrContext
instanceKlass com/sun/tools/javac/comp/DeferredAttr$DeferredStuckPolicy
instanceKlass com/sun/tools/javac/comp/DeferredAttr$DeferredTypeCompleter
instanceKlass com/sun/tools/javac/comp/Infer$GraphStrategy
instanceKlass com/sun/tools/javac/comp/Infer$InferenceContext
instanceKlass javax/lang/model/element/TypeParameterElement
instanceKlass com/sun/tools/javac/comp/Infer
instanceKlass com/sun/tools/javac/code/DeferredLintHandler$1
instanceKlass com/sun/tools/javac/code/DeferredLintHandler
instanceKlass com/sun/tools/javac/code/TypeAnnotations
instanceKlass com/sun/tools/javac/comp/TypeEnvs
instanceKlass com/sun/tools/javac/comp/ConstFold
instanceKlass javax/lang/model/element/AnnotationMirror
instanceKlass com/sun/tools/javac/comp/Annotate
instanceKlass com/sun/tools/javac/tree/TreeMaker$AnnotationBuilder
instanceKlass com/sun/tools/javac/tree/TreeMaker
instanceKlass com/sun/tools/javac/tree/JCTree$Factory
instanceKlass com/sun/tools/javac/comp/Env
instanceKlass com/sun/tools/javac/comp/Flow
instanceKlass com/sun/source/util/SimpleTreeVisitor
instanceKlass com/sun/tools/javac/comp/Attr$13
instanceKlass com/sun/tools/javac/comp/Check$NestedCheckContext
instanceKlass javax/lang/model/type/UnionType
instanceKlass com/sun/source/tree/ErroneousTree
instanceKlass com/sun/source/tree/ContinueTree
instanceKlass com/sun/source/tree/CatchTree
instanceKlass com/sun/source/tree/ThrowTree
instanceKlass com/sun/source/tree/BreakTree
instanceKlass com/sun/source/tree/LiteralTree
instanceKlass com/sun/source/tree/IfTree
instanceKlass com/sun/source/tree/UnaryTree
instanceKlass com/sun/source/tree/TypeCastTree
instanceKlass com/sun/source/tree/TryTree
instanceKlass com/sun/source/tree/CaseTree
instanceKlass com/sun/source/tree/BinaryTree
instanceKlass com/sun/source/tree/ReturnTree
instanceKlass com/sun/source/tree/AssertTree
instanceKlass com/sun/source/tree/NewArrayTree
instanceKlass com/sun/source/tree/IntersectionTypeTree
instanceKlass com/sun/source/tree/SynchronizedTree
instanceKlass com/sun/source/tree/AnnotatedTypeTree
instanceKlass com/sun/source/tree/TypeParameterTree
instanceKlass com/sun/source/tree/ForLoopTree
instanceKlass com/sun/source/tree/SwitchTree
instanceKlass com/sun/source/tree/WhileLoopTree
instanceKlass com/sun/source/tree/BlockTree
instanceKlass com/sun/source/tree/AssignmentTree
instanceKlass com/sun/source/tree/ImportTree
instanceKlass com/sun/source/tree/ModifiersTree
instanceKlass com/sun/source/tree/InstanceOfTree
instanceKlass com/sun/source/tree/ExpressionStatementTree
instanceKlass com/sun/source/tree/DoWhileLoopTree
instanceKlass com/sun/source/tree/LambdaExpressionTree
instanceKlass com/sun/source/tree/CompoundAssignmentTree
instanceKlass com/sun/source/tree/ConditionalExpressionTree
instanceKlass com/sun/source/tree/EnhancedForLoopTree
instanceKlass com/sun/source/tree/MemberReferenceTree
instanceKlass com/sun/source/tree/UnionTypeTree
instanceKlass com/sun/source/tree/ParenthesizedTree
instanceKlass com/sun/source/tree/ArrayTypeTree
instanceKlass com/sun/source/tree/EmptyStatementTree
instanceKlass com/sun/source/tree/VariableTree
instanceKlass com/sun/source/tree/MethodInvocationTree
instanceKlass com/sun/source/tree/ParameterizedTypeTree
instanceKlass com/sun/source/tree/ArrayAccessTree
instanceKlass com/sun/source/tree/PrimitiveTypeTree
instanceKlass com/sun/source/tree/LabeledStatementTree
instanceKlass com/sun/source/tree/WildcardTree
instanceKlass com/sun/tools/javac/api/Formattable$LocalizedString
instanceKlass com/sun/tools/javac/api/Formattable
instanceKlass com/sun/tools/javac/comp/Resolve$7
instanceKlass com/sun/tools/javac/comp/Resolve$6
instanceKlass com/sun/tools/javac/comp/Attr$ResultInfo
instanceKlass com/sun/tools/javac/comp/Resolve$AbstractMethodCheck
instanceKlass com/sun/tools/javac/comp/Resolve$2
instanceKlass com/sun/tools/javac/comp/Resolve$LookupHelper
instanceKlass com/sun/tools/javac/comp/Resolve$LogResolveHelper
instanceKlass com/sun/tools/javac/comp/Resolve$MethodCheck
instanceKlass com/sun/tools/javac/comp/Resolve
instanceKlass com/sun/tools/javac/comp/Check$6
instanceKlass com/sun/tools/javac/comp/Check$1
instanceKlass com/sun/source/tree/NewClassTree
instanceKlass com/sun/source/tree/MethodTree
instanceKlass com/sun/source/tree/AnnotationTree
instanceKlass com/sun/tools/javac/tree/JCTree$Visitor
instanceKlass com/sun/tools/javac/code/DeferredLintHandler$LintLogger
instanceKlass com/sun/tools/javac/util/Warner
instanceKlass com/sun/tools/javac/comp/Infer$FreeTypeListener
instanceKlass com/sun/tools/javac/comp/Check$CheckContext
instanceKlass com/sun/tools/javac/comp/Check
instanceKlass com/sun/tools/javac/code/Types$ImplementationCache
instanceKlass com/sun/tools/javac/code/Types$3
instanceKlass com/sun/tools/javac/code/Types$DescriptorCache$FunctionDescriptor
instanceKlass com/sun/tools/javac/util/JCDiagnostic
instanceKlass com/sun/tools/javac/code/Types$DescriptorCache
instanceKlass com/sun/tools/javac/code/Scope$ScopeListener
instanceKlass javax/lang/model/type/IntersectionType
instanceKlass com/sun/tools/javac/code/Type$Mapping
instanceKlass com/sun/tools/javac/code/Types$DefaultTypeVisitor
instanceKlass com/sun/tools/javac/code/Types
instanceKlass com/sun/tools/javac/code/Symtab$2
instanceKlass com/sun/tools/javac/code/Symtab$1
instanceKlass com/sun/tools/javac/code/Symbol$MethodSymbol$2
instanceKlass com/sun/tools/javac/code/Scope$2
instanceKlass com/sun/tools/javac/code/Scope$Entry
instanceKlass com/sun/tools/javac/util/Filter
instanceKlass com/sun/tools/javac/util/Assert
instanceKlass java/lang/annotation/Repeatable
instanceKlass javax/lang/model/type/NullType
instanceKlass com/sun/tools/javac/code/Symtab
instanceKlass com/sun/tools/javac/jvm/ClassReader$1
instanceKlass com/sun/tools/javac/code/Attribute
instanceKlass javax/lang/model/element/AnnotationValue
instanceKlass com/sun/tools/javac/comp/Annotate$Worker
instanceKlass javax/lang/model/type/NoType
instanceKlass javax/lang/model/type/ExecutableType
instanceKlass com/sun/tools/javac/code/Scope
instanceKlass com/sun/tools/javac/code/Symbol$Completer
instanceKlass com/sun/tools/javac/jvm/ClassReader
instanceKlass com/sun/tools/javac/util/Convert
instanceKlass com/sun/tools/javac/util/Name
instanceKlass javax/lang/model/element/Name
instanceKlass com/sun/tools/javac/util/Name$Table
instanceKlass com/sun/tools/javac/util/Names
instanceKlass com/sun/tools/javac/main/JavaCompiler$1
instanceKlass com/sun/source/tree/MemberSelectTree
instanceKlass com/sun/source/tree/IdentifierTree
instanceKlass com/sun/source/tree/ClassTree
instanceKlass com/sun/source/tree/StatementTree
instanceKlass javax/lang/model/element/PackageElement
instanceKlass javax/lang/model/element/TypeElement
instanceKlass javax/lang/model/element/QualifiedNameable
instanceKlass com/sun/source/tree/CompilationUnitTree
instanceKlass com/sun/tools/javac/jvm/ClassReader$SourceCompleter
instanceKlass com/sun/tools/javac/main/JavaCompiler
instanceKlass com/sun/tools/javac/file/CacheFSInfo$1
instanceKlass com/sun/tools/javac/main/CommandLine
instanceKlass com/sun/tools/javac/parser/Parser
instanceKlass com/sun/tools/javac/api/JavacTaskImpl$Filter
instanceKlass javax/lang/model/util/Types
instanceKlass javax/lang/model/util/Elements
instanceKlass javax/annotation/processing/ProcessingEnvironment
instanceKlass com/sun/tools/javac/main/Main
instanceKlass com/sun/source/util/TreeScanner
instanceKlass com/sun/source/tree/TreeVisitor
instanceKlass com/sun/tools/doclint/DocLint
instanceKlass com/sun/source/util/Plugin
instanceKlass com/sun/source/util/TaskListener
instanceKlass com/sun/tools/javac/api/ClientCodeWrapper
instanceKlass com/sun/tools/javac/file/BaseFileObject
instanceKlass com/sun/tools/javac/file/ZipFileIndexCache
instanceKlass com/sun/tools/javac/file/FSInfo
instanceKlass com/sun/tools/javac/code/Lint$AugmentVisitor
instanceKlass com/sun/tools/javac/code/Attribute$Visitor
instanceKlass com/sun/tools/javac/util/Log$1
instanceKlass javax/tools/DiagnosticListener
instanceKlass com/sun/tools/javac/util/JCDiagnostic$Factory$1
instanceKlass com/sun/tools/javac/util/Options
instanceKlass javax/lang/model/element/VariableElement
instanceKlass javax/lang/model/type/ErrorType
instanceKlass javax/lang/model/type/WildcardType
instanceKlass javax/lang/model/type/TypeVariable
instanceKlass javax/lang/model/type/PrimitiveType
instanceKlass javax/lang/model/type/DeclaredType
instanceKlass javax/lang/model/type/ArrayType
instanceKlass javax/lang/model/type/ReferenceType
instanceKlass javax/lang/model/type/TypeMirror
instanceKlass javax/lang/model/element/ExecutableElement
instanceKlass javax/lang/model/element/Parameterizable
instanceKlass com/sun/tools/javac/code/AnnoConstruct
instanceKlass javax/lang/model/element/Element
instanceKlass javax/lang/model/AnnotatedConstruct
instanceKlass com/sun/tools/javac/util/AbstractDiagnosticFormatter$SimpleConfiguration
instanceKlass com/sun/source/tree/ExpressionTree
instanceKlass com/sun/tools/javac/tree/JCTree
instanceKlass com/sun/source/tree/Tree
instanceKlass com/sun/tools/javac/api/DiagnosticFormatter$Configuration
instanceKlass com/sun/tools/javac/code/Printer
instanceKlass com/sun/tools/javac/code/Symbol$Visitor
instanceKlass com/sun/tools/javac/code/Type$Visitor
instanceKlass com/sun/tools/javac/util/AbstractDiagnosticFormatter
instanceKlass com/sun/tools/javac/util/List$3
instanceKlass com/sun/tools/javac/util/List$2
instanceKlass com/sun/tools/javac/util/JavacMessages
instanceKlass com/sun/tools/javac/api/Messages
instanceKlass com/sun/tools/javac/util/JCDiagnostic$Factory
instanceKlass com/sun/tools/javac/file/Locations$LocationHandler
instanceKlass com/sun/tools/javac/file/Locations
instanceKlass com/sun/tools/javac/util/BaseFileManager$ByteBufferCache
instanceKlass com/sun/tools/javac/code/Lint
instanceKlass com/sun/tools/javac/file/JavacFileManager$Archive
instanceKlass javax/tools/JavaFileManager$Location
instanceKlass com/sun/tools/javac/file/RelativePath
instanceKlass javax/tools/JavaFileObject
instanceKlass javax/tools/FileObject
instanceKlass com/sun/tools/javac/util/BaseFileManager
instanceKlass com/sun/tools/javac/util/Context$Factory
instanceKlass com/sun/tools/javac/api/DiagnosticFormatter
instanceKlass javax/tools/Diagnostic
instanceKlass com/sun/tools/javac/util/Log$DiagnosticHandler
instanceKlass com/sun/tools/javac/util/JCDiagnostic$DiagnosticPosition
instanceKlass com/sun/tools/javac/util/AbstractLog
instanceKlass com/sun/tools/javac/util/Context$Key
instanceKlass com/sun/tools/javac/util/Context
instanceKlass com/sun/tools/javac/main/OptionHelper
instanceKlass com/sun/source/util/JavacTask
instanceKlass javax/tools/JavaCompiler$CompilationTask
instanceKlass javax/tools/StandardJavaFileManager
instanceKlass javax/tools/JavaFileManager
instanceKlass com/sun/tools/javac/api/JavacTool
instanceKlass org/gradle/internal/jvm/JdkTools
instanceKlass org/gradle/api/internal/tasks/compile/JavaCompilerArgumentsBuilder
instanceKlass org/gradle/internal/Transformers$ToStringTransformer
instanceKlass org/gradle/api/internal/tasks/compile/NormalizingJavaCompiler$1
instanceKlass org/gradle/api/internal/tasks/compile/incremental/IncrementalCompilationFinalizer
instanceKlass org/gradle/api/internal/tasks/compile/incremental/IncrementalCompilationInitializer
instanceKlass org/gradle/api/internal/tasks/compile/incremental/deps/LocalClassSetAnalysisStore
instanceKlass org/gradle/api/internal/cache/Loader
instanceKlass org/gradle/api/internal/tasks/compile/incremental/ClassSetAnalysisUpdater
instanceKlass org/gradle/api/internal/tasks/compile/incremental/RecompilationSpecProvider
instanceKlass org/gradle/api/internal/tasks/compile/incremental/SourceToNameConverter
instanceKlass org/gradle/api/internal/tasks/compile/incremental/IncrementalCompilerDecorator
instanceKlass org/gradle/api/internal/tasks/compile/incremental/CompilationSourceDirs
instanceKlass org/gradle/api/internal/tasks/compile/incremental/jar/ClasspathJarFinder
instanceKlass org/gradle/api/internal/tasks/compile/incremental/jar/JarClasspathSnapshotFactory
instanceKlass org/gradle/api/internal/tasks/compile/incremental/jar/JarClasspathSnapshotDataSerializer
instanceKlass org/gradle/api/internal/cache/SingleOperationPersistentStore
instanceKlass org/gradle/api/internal/tasks/compile/incremental/jar/LocalJarClasspathSnapshotStore
instanceKlass org/gradle/api/internal/tasks/compile/incremental/jar/JarClasspathSnapshotMaker
instanceKlass org/gradle/api/internal/tasks/compile/incremental/jar/JarClasspathSnapshotWriter
instanceKlass org/gradle/api/internal/tasks/compile/incremental/jar/JarClasspathSnapshotProvider
instanceKlass org/gradle/api/internal/tasks/compile/incremental/jar/DefaultJarSnapshotter
instanceKlass org/gradle/api/internal/tasks/compile/incremental/jar/CachingJarSnapshotter
instanceKlass org/gradle/api/internal/tasks/compile/incremental/analyzer/DefaultClassDependenciesAnalyzer
instanceKlass org/gradle/api/internal/tasks/compile/incremental/analyzer/CachingClassDependenciesAnalyzer
instanceKlass org/gradle/language/base/internal/tasks/StaleClassCleaner
instanceKlass org/gradle/language/base/internal/compile/CompilerUtil
instanceKlass org/gradle/api/internal/tasks/compile/NormalizingJavaCompiler
instanceKlass org/gradle/api/internal/tasks/compile/JdkJavaCompiler
instanceKlass org/gradle/api/internal/tasks/DefaultJavaToolChain$JavaToolProvider
instanceKlass org/gradle/jvm/platform/internal/DefaultJavaPlatform
instanceKlass org/gradle/api/internal/cache/Stash
instanceKlass org/gradle/api/internal/tasks/compile/incremental/jar/JarSnapshotter
instanceKlass org/gradle/api/internal/tasks/compile/incremental/analyzer/ClassDependenciesAnalyzer
instanceKlass org/gradle/api/internal/tasks/compile/incremental/IncrementalCompilerFactory
instanceKlass org/gradle/api/tasks/compile/JavaCompile$1
instanceKlass org/gradle/api/internal/tasks/compile/incremental/cache/DefaultGeneralCompileCaches
instanceKlass org/gradle/api/internal/tasks/compile/incremental/deps/DependentsSet
instanceKlass org/gradle/api/internal/tasks/compile/incremental/deps/ClassSetAnalysisData$Serializer$DependentsSetSerializer
instanceKlass org/gradle/api/internal/tasks/compile/incremental/deps/ClassSetAnalysisData$Serializer
instanceKlass org/gradle/api/internal/tasks/compile/incremental/jar/JarSnapshotDataSerializer
instanceKlass org/gradle/api/internal/tasks/compile/incremental/jar/DefaultJarSnapshotCache
instanceKlass org/apache/commons/lang/WordUtils
instanceKlass org/gradle/api/internal/tasks/compile/incremental/analyzer/ClassAnalysisSerializer
instanceKlass org/gradle/api/internal/cache/MinimalPersistentCache
instanceKlass org/gradle/api/internal/tasks/compile/CommandLineJavaCompileSpec
instanceKlass org/gradle/api/internal/tasks/compile/ForkingJavaCompileSpec
instanceKlass org/gradle/api/internal/tasks/compile/AbstractJavaCompileSpecFactory
instanceKlass com/android/build/gradle/internal/incremental/InstantRunBuildContext$1
instanceKlass com/android/build/gradle/internal/incremental/InstantRunBuildContext$Artifact
instanceKlass org/gradle/api/tasks/incremental/InputFileDetails
instanceKlass org/gradle/api/internal/changedetection/rules/DiscoveredInputFilesStateChangeRule$ChangeListenerAdapter
instanceKlass org/gradle/api/internal/changedetection/rules/InputFilesStateChangeRule$ChangeListenerAdapter
instanceKlass sun/security/jca/GetInstance$1
instanceKlass org/gradle/api/internal/changedetection/rules/FileChange
instanceKlass org/gradle/api/internal/changedetection/rules/OutputFilesStateChangeRule$ChangeListenerAdapter
instanceKlass org/gradle/api/internal/changedetection/state/OutputFilesCollectionSnapshotter$OutputFilesSnapshot$1
instanceKlass org/gradle/api/internal/changedetection/state/OutputFilesCollectionSnapshotter$AddIgnoreChangeListenerAdapter
instanceKlass org/gradle/api/internal/changedetection/state/DefaultFileCollectionSnapshotter$FileCollectionSnapshotImpl$2
instanceKlass org/gradle/api/internal/changedetection/state/OutputFilesCollectionSnapshotter$OutputFilesSnapshot$2
instanceKlass org/gradle/api/internal/changedetection/rules/InputPropertiesStateChangeRule$1$1
instanceKlass org/gradle/cache/internal/btree/FreeListBlockStore$FreeListEntry
instanceKlass com/android/build/api/transform/SecondaryFile
instanceKlass com/android/build/gradle/internal/pipeline/TransformTask$1
instanceKlass com/android/build/gradle/internal/pipeline/ImmutableTransformInput
instanceKlass com/android/build/gradle/internal/pipeline/IntermediateFolderUtils$InputGenerator
instanceKlass com/android/build/gradle/internal/pipeline/IntermediateFolderUtils
instanceKlass com/android/build/gradle/internal/incremental/InstantRunPatchingPolicy$1
instanceKlass com/android/build/gradle/internal/transforms/ChangeRecords$RecordHandler
instanceKlass com/android/build/gradle/tasks/fd/GenerateInstantRunAppInfoTask$ConfigAction$1
instanceKlass com/android/build/gradle/tasks/fd/GenerateInstantRunAppInfoTask$ConfigAction
instanceKlass com/android/build/gradle/tasks/fd/FastDeployRuntimeExtractorTask$ConfigAction
instanceKlass com/android/build/gradle/internal/transforms/ChangeRecords
instanceKlass com/android/build/gradle/internal/incremental/InstantRunVerifier$ClassBytesProvider
instanceKlass com/android/build/gradle/internal/incremental/BuildInfoLoaderTask$ConfigAction
instanceKlass java/util/Vector$Itr
instanceKlass org/objectweb/asm/Edge
instanceKlass org/objectweb/asm/Frame
instanceKlass org/objectweb/asm/Item
instanceKlass org/objectweb/asm/ByteVector
instanceKlass org/objectweb/asm/tree/LocalVariableNode
instanceKlass org/objectweb/asm/Label
instanceKlass org/objectweb/asm/tree/InsnList
instanceKlass org/objectweb/asm/tree/InnerClassNode
instanceKlass org/objectweb/asm/Context
instanceKlass org/objectweb/asm/Attribute
instanceKlass org/objectweb/asm/FieldVisitor
instanceKlass org/objectweb/asm/MethodVisitor
instanceKlass org/objectweb/asm/AnnotationVisitor
instanceKlass org/objectweb/asm/ClassReader
instanceKlass java/util/zip/ZipOutputStream$XEntry
instanceKlass java/util/jar/JarFile$JarEntryIterator
instanceKlass java/util/zip/Deflater
instanceKlass org/objectweb/asm/Type
instanceKlass org/objectweb/asm/ClassVisitor
instanceKlass org/objectweb/asm/tree/AbstractInsnNode
instanceKlass com/android/builder/testing/MockableJarGenerator
instanceKlass com/android/builder/internal/TemplateProcessor
instanceKlass com/android/builder/internal/TestManifestGenerator
instanceKlass com/google/common/collect/StandardTable$Row$RowEntrySet$1
instanceKlass com/google/common/collect/StandardTable$RowMap$EntrySet$1
instanceKlass com/google/common/collect/Tables$AbstractCell
instanceKlass com/google/common/collect/Tables$1
instanceKlass com/google/common/collect/Table$Cell
instanceKlass com/google/common/collect/RowSortedTable
instanceKlass com/google/common/collect/Tables
instanceKlass com/google/common/collect/StandardTable$CellIterator
instanceKlass com/android/builder/internal/SymbolWriter
instanceKlass com/android/builder/internal/SymbolLoader$SymbolEntry
instanceKlass com/google/common/io/CharStreams
instanceKlass com/google/common/io/Files$1
instanceKlass com/android/builder/internal/SymbolLoader
instanceKlass com/android/build/gradle/internal/process/GradleProcessResult
instanceKlass org/gradle/process/internal/DefaultExecHandle$ExecResultImpl
instanceKlass org/gradle/process/internal/shutdown/ShutdownHookActionRegister$GradleShutdownHook
instanceKlass org/gradle/process/internal/shutdown/ShutdownHookActionRegister
instanceKlass org/gradle/process/internal/streams/ExecOutputHandleRunner
instanceKlass org/gradle/util/DisconnectableInputStream$1
instanceKlass org/gradle/util/DisconnectableInputStream$ThreadExecuter
instanceKlass net/rubygrapefruit/platform/internal/jni/WindowsHandleFunctions
instanceKlass org/gradle/process/internal/ProcessBuilderFactory
instanceKlass org/gradle/process/internal/ExecHandleRunner
instanceKlass org/gradle/process/internal/ExecHandleShutdownHookAction
instanceKlass net/rubygrapefruit/platform/internal/DefaultProcessLauncher
instanceKlass net/rubygrapefruit/platform/internal/WindowsProcessLauncher
instanceKlass net/rubygrapefruit/platform/internal/WrapperProcessLauncher
instanceKlass org/gradle/process/internal/DefaultExecHandle
instanceKlass org/gradle/process/internal/ProcessSettings
instanceKlass org/gradle/process/internal/streams/StreamsForwarder
instanceKlass org/gradle/process/internal/streams/SafeStreams
instanceKlass org/gradle/process/internal/ExecHandleListener
instanceKlass org/gradle/process/internal/ExecHandle
instanceKlass org/gradle/process/internal/streams/StreamsHandler
instanceKlass com/android/build/gradle/internal/process/GradleProcessExecutor$ExecAction
instanceKlass com/android/ide/common/process/BaseProcessOutputHandler$BaseProcessOutput
instanceKlass com/android/ide/common/process/ProcessInfoBuilder$ProcessInfoImpl
instanceKlass com/android/ide/common/process/JavaProcessInfo
instanceKlass com/android/ide/common/blame/MergingLogRewriter$1
instanceKlass com/android/ide/common/blame/MergingLogRewriter
instanceKlass com/android/ide/common/blame/parser/aapt/AbstractAaptOutputParser
instanceKlass com/android/ide/common/blame/parser/aapt/AaptOutputParser
instanceKlass com/android/ide/common/blame/parser/ToolOutputParser
instanceKlass com/android/builder/core/AndroidBuilder$5
instanceKlass com/google/common/io/LineBuffer
instanceKlass com/google/common/io/LineReader
instanceKlass com/google/common/collect/ImmutableMultimap$Builder
instanceKlass com/android/ide/common/xml/XmlAttributeSortOrder$3
instanceKlass com/android/ide/common/xml/XmlPrettyPrinter
instanceKlass com/android/ide/common/xml/XmlAttributeSortOrder$2
instanceKlass com/android/ide/common/xml/XmlAttributeSortOrder$1
instanceKlass com/android/ide/common/xml/XmlFormatPreferences
instanceKlass com/android/manifmerger/ToolsInstructionsCleaner
instanceKlass com/android/manifmerger/PostValidator$1
instanceKlass com/android/manifmerger/Actions
instanceKlass com/android/manifmerger/PostValidator
instanceKlass java/util/TreeMap$NavigableSubMap$SubMapIterator
instanceKlass java/util/Collections$ReverseComparator
instanceKlass com/android/manifmerger/ElementsTrimmer
instanceKlass com/android/manifmerger/XmlElement$1
instanceKlass com/android/manifmerger/PreValidator
instanceKlass com/sun/org/apache/xerces/internal/dom/DeepNodeListImpl
instanceKlass com/android/manifmerger/PlaceholderHandler
instanceKlass com/android/manifmerger/Actions$DecisionTreeRecord
instanceKlass com/android/manifmerger/ConvertibleName
instanceKlass com/android/manifmerger/Actions$Record
instanceKlass com/android/manifmerger/XmlNode$NodeKey
instanceKlass com/android/manifmerger/Selector
instanceKlass com/android/manifmerger/XmlNode$Name
instanceKlass com/android/manifmerger/AttributeModel$Hexadecimal32Bits
instanceKlass com/android/manifmerger/ManifestModel$TwoAttributesBasedKeyResolver
instanceKlass com/android/manifmerger/AttributeModel$MultiValueValidator
instanceKlass com/android/manifmerger/XmlNode$NamespaceAwareName
instanceKlass com/android/manifmerger/AttributeModel$3
instanceKlass com/android/manifmerger/AttributeModel$2
instanceKlass com/android/manifmerger/AttributeModel$1
instanceKlass com/android/manifmerger/AttributeModel$MergingPolicy
instanceKlass com/android/manifmerger/AttributeModel
instanceKlass com/android/manifmerger/AttributeModel$Builder
instanceKlass com/android/manifmerger/AttributeModel$BooleanValidator
instanceKlass com/android/manifmerger/ManifestModel$2
instanceKlass com/android/manifmerger/ManifestModel$1
instanceKlass com/android/manifmerger/ManifestModel$NoKeyNodeResolver
instanceKlass com/android/manifmerger/ManifestModel$AttributeBasedNodeKeyResolver
instanceKlass com/android/manifmerger/ManifestModel
instanceKlass com/android/manifmerger/AttributeModel$Validator
instanceKlass com/android/manifmerger/ManifestModel$NodeKeyResolver
instanceKlass com/android/manifmerger/XmlNode$1
instanceKlass com/android/manifmerger/XmlNode$NodeName
instanceKlass com/android/manifmerger/XmlNode
instanceKlass com/android/manifmerger/XmlDocument
instanceKlass com/android/manifmerger/XmlLoader
instanceKlass com/android/manifmerger/ManifestMerger2$SelectorResolver
instanceKlass com/android/manifmerger/ActionRecorder
instanceKlass com/android/manifmerger/MergingReport$Builder
instanceKlass com/android/manifmerger/ManifestMerger2$MapBasedKeyBasedValueResolver
instanceKlass com/android/manifmerger/ManifestMerger2$FileStreamProvider
instanceKlass com/android/manifmerger/ManifestMerger2$AutoAddingProperty
instanceKlass com/android/manifmerger/PlaceholderHandler$KeyBasedValueResolver
instanceKlass com/android/manifmerger/ManifestMerger2$ManifestInfo
instanceKlass com/android/manifmerger/KeyResolver
instanceKlass com/android/manifmerger/ManifestMerger2
instanceKlass com/google/common/collect/TransformedIterator
instanceKlass com/android/build/gradle/tasks/ManifestProcessorTask$1
instanceKlass com/android/ide/common/res2/DataSet$1
instanceKlass java/util/concurrent/ConcurrentHashMap$MapEntry
instanceKlass com/google/common/cache/LocalCache$WriteThroughEntry
instanceKlass com/google/common/cache/LocalCache$HashIterator
instanceKlass com/android/builder/png/AaptProcess$NotifierProcessOutput
instanceKlass com/android/builder/tasks/JobContext
instanceKlass com/android/utils/GrabProcessOutput
instanceKlass com/android/builder/png/AaptProcess$ProcessOutputFacade
instanceKlass com/android/utils/GrabProcessOutput$IProcessOutput
instanceKlass com/android/builder/png/AaptProcess
instanceKlass com/google/common/util/concurrent/Uninterruptibles
instanceKlass com/android/ide/common/blame/MergingLogPersistUtil
instanceKlass com/google/common/cache/LocalCache$AbstractReferenceEntry
instanceKlass com/google/common/util/concurrent/ExecutionList
instanceKlass com/android/builder/png/AaptProcess$Builder
instanceKlass com/google/common/util/concurrent/AbstractFuture
instanceKlass com/google/common/util/concurrent/ListenableFuture
instanceKlass com/google/common/cache/LocalCache$LoadingValueReference
instanceKlass com/android/builder/tasks/WorkQueue$QueueTask
instanceKlass com/android/builder/tasks/BooleanLatch
instanceKlass com/android/builder/png/QueuedCruncher$2
instanceKlass java/util/concurrent/Executors$RunnableAdapter
instanceKlass java/util/concurrent/FutureTask$WaitNode
instanceKlass java/util/concurrent/FutureTask
instanceKlass com/android/ide/common/res2/MergedResourceWriter$1
instanceKlass com/android/utils/Pair
instanceKlass com/google/common/collect/AbstractMapBasedMultimap$Itr
instanceKlass com/google/common/collect/HashBasedTable$Factory
instanceKlass com/google/common/collect/AbstractTable
instanceKlass com/google/common/cache/RemovalListener
instanceKlass com/google/common/cache/Weigher
instanceKlass com/google/common/base/Equivalence
instanceKlass com/google/common/cache/LocalCache$StrongValueReference
instanceKlass com/google/common/cache/LocalCache$1
instanceKlass java/util/concurrent/RunnableFuture
instanceKlass com/google/common/util/concurrent/ListeningScheduledExecutorService
instanceKlass com/google/common/util/concurrent/ListeningExecutorService
instanceKlass com/google/common/util/concurrent/MoreExecutors
instanceKlass com/google/common/cache/LocalCache$ReferenceEntry
instanceKlass com/google/common/cache/LocalCache$ValueReference
instanceKlass com/google/common/cache/LocalCache$LocalManualCache
instanceKlass com/google/common/cache/CacheBuilder$2
instanceKlass com/google/common/cache/CacheStats
instanceKlass com/google/common/cache/CacheBuilder$1
instanceKlass com/google/common/cache/AbstractCache$StatsCounter
instanceKlass com/google/common/cache/LoadingCache
instanceKlass com/google/common/cache/Cache
instanceKlass com/google/common/cache/CacheBuilder
instanceKlass com/google/common/cache/CacheLoader
instanceKlass com/android/ide/common/blame/MergingLog
instanceKlass com/android/builder/tasks/WorkQueue
instanceKlass com/android/builder/png/QueuedCruncher$1
instanceKlass com/android/builder/tasks/Job
instanceKlass com/android/builder/tasks/Task
instanceKlass com/android/builder/tasks/QueueThreadContext
instanceKlass com/android/builder/png/QueuedCruncher
instanceKlass com/android/build/gradle/tasks/MergeResources$FilteringLogger
instanceKlass com/android/ide/common/res2/ValueResourceNameValidator
instanceKlass com/android/utils/PositionXmlParser$Position
instanceKlass com/sun/org/apache/xerces/internal/util/EntityResolver2Wrapper
instanceKlass com/sun/org/apache/xerces/internal/dom/ParentNode$UserDataRecord
instanceKlass org/xml/sax/ext/DeclHandler
instanceKlass org/xml/sax/ext/LexicalHandler
instanceKlass com/android/utils/PositionXmlParser
instanceKlass com/android/ide/common/res2/ValueResourceParser2
instanceKlass com/android/ide/common/resources/configuration/FolderConfiguration
instanceKlass com/android/layoutlib/api/IDensityBasedResourceValue
instanceKlass com/android/layoutlib/api/IStyleResourceValue
instanceKlass com/android/ide/common/rendering/api/ResourceReference
instanceKlass com/android/layoutlib/api/IResourceValue
instanceKlass com/android/utils/SdkUtils
instanceKlass com/android/ide/common/res2/FileResourceNameValidator
instanceKlass com/android/resources/FolderTypeRelationship
instanceKlass com/android/ide/common/res2/ResourceSet$FolderData
instanceKlass com/google/common/base/AbstractIterator$1
instanceKlass com/android/ide/common/resources/configuration/ResourceQualifier
instanceKlass com/google/common/collect/Table
instanceKlass com/android/ide/common/resources/configuration/Configurable
instanceKlass java/awt/image/RenderedImage
instanceKlass com/android/builder/png/VectorDrawableRenderer
instanceKlass com/android/builder/internal/compiler/ShaderProcessor
instanceKlass com/google/common/io/CharSink
instanceKlass com/android/utils/XmlUtils$PositionAwareStringBuilder
instanceKlass com/android/ide/common/res2/NodeUtils
instanceKlass com/android/ide/common/res2/MergeWriter
instanceKlass com/google/common/collect/AbstractMapBasedMultimap$AsMap$AsMapIterator
instanceKlass com/android/ide/common/res2/DataItem
instanceKlass com/android/ide/common/res2/DataMerger
instanceKlass java/util/Collections$CheckedMap
instanceKlass java/util/Collections$CheckedCollection
instanceKlass com/android/builder/internal/ClassFieldImpl
instanceKlass com/squareup/javawriter/JavaWriter
instanceKlass com/android/builder/compiling/BuildConfigGenerator
instanceKlass com/sun/org/apache/xml/internal/utils/XMLString
instanceKlass com/sun/org/apache/xml/internal/dtm/DTMAxisTraverser
instanceKlass com/sun/org/apache/xml/internal/dtm/Axis
instanceKlass com/sun/org/apache/xpath/internal/objects/Comparator
instanceKlass com/sun/org/apache/xml/internal/dtm/ref/dom2dtm/DOM2DTMdefaultNamespaceDeclarationNode
instanceKlass com/sun/org/apache/xml/internal/utils/NSInfo
instanceKlass com/sun/org/apache/xml/internal/utils/DOMHelper
instanceKlass com/sun/org/apache/xml/internal/utils/TreeWalker
instanceKlass com/sun/org/apache/xml/internal/utils/SuballocatedIntVector
instanceKlass com/sun/org/apache/xml/internal/dtm/ref/DTMDefaultBase
instanceKlass javax/xml/transform/dom/DOMSource
instanceKlass com/sun/org/apache/xml/internal/dtm/ref/DTMNodeProxy
instanceKlass org/w3c/dom/DocumentFragment
instanceKlass org/w3c/dom/ProcessingInstruction
instanceKlass com/sun/org/apache/xml/internal/dtm/ref/ExpandedNameTable$HashEntry
instanceKlass com/sun/org/apache/xml/internal/dtm/ref/ExtendedType
instanceKlass com/sun/org/apache/xml/internal/dtm/ref/ExpandedNameTable
instanceKlass com/sun/org/apache/xml/internal/dtm/DTM
instanceKlass com/sun/org/apache/xml/internal/utils/XMLStringFactory
instanceKlass com/sun/org/apache/xpath/internal/XPathContext$XPathExpressionContext
instanceKlass com/sun/org/apache/xalan/internal/extensions/ExpressionContext
instanceKlass com/sun/org/apache/xml/internal/utils/NodeVector
instanceKlass com/sun/org/apache/xpath/internal/SourceTreeManager
instanceKlass com/sun/org/apache/xpath/internal/VariableStack
instanceKlass com/sun/org/apache/xml/internal/utils/IntVector
instanceKlass com/sun/org/apache/xml/internal/dtm/DTMManager
instanceKlass com/sun/org/apache/xpath/internal/axes/IteratorPool
instanceKlass com/sun/org/apache/xpath/internal/axes/SubContextList
instanceKlass com/sun/org/apache/xpath/internal/axes/PathComponent
instanceKlass com/sun/org/apache/xml/internal/dtm/DTMIterator
instanceKlass com/sun/org/apache/xpath/internal/axes/WalkerFactory
instanceKlass com/sun/org/apache/xpath/internal/compiler/OpMapVector
instanceKlass com/sun/org/apache/xpath/internal/compiler/Lexer
instanceKlass com/sun/org/apache/xml/internal/utils/ObjectVector
instanceKlass com/sun/org/apache/xpath/internal/compiler/OpMap
instanceKlass com/sun/org/apache/xpath/internal/compiler/XPathParser
instanceKlass com/sun/org/apache/xml/internal/utils/DefaultErrorHandler
instanceKlass javax/xml/transform/ErrorListener
instanceKlass com/sun/org/apache/xpath/internal/Expression
instanceKlass com/sun/org/apache/xpath/internal/XPathVisitable
instanceKlass com/sun/org/apache/xpath/internal/ExpressionNode
instanceKlass javax/xml/transform/SourceLocator
instanceKlass com/sun/org/apache/xpath/internal/compiler/FunctionTable
instanceKlass com/sun/org/apache/xpath/internal/XPath
instanceKlass com/sun/org/apache/xpath/internal/ExpressionOwner
instanceKlass com/sun/org/apache/xalan/internal/utils/FactoryImpl
instanceKlass javax/xml/xpath/XPathConstants
instanceKlass com/google/common/io/ByteArrayDataInput
instanceKlass com/google/common/io/ByteArrayDataOutput
instanceKlass com/google/common/io/ByteStreams
instanceKlass com/google/common/io/CharSource
instanceKlass com/google/common/hash/PrimitiveSink
instanceKlass com/android/utils/XmlUtils
instanceKlass com/sun/org/apache/xpath/internal/jaxp/JAXPPrefixResolver
instanceKlass com/sun/org/apache/xml/internal/utils/PrefixResolver
instanceKlass com/android/xml/AndroidXPathFactory$AndroidNamespaceContext
instanceKlass com/sun/org/apache/xpath/internal/jaxp/XPathImpl
instanceKlass javax/xml/xpath/XPath
instanceKlass com/sun/org/apache/xalan/internal/utils/SecuritySupport$9
instanceKlass com/sun/org/apache/xalan/internal/utils/SecuritySupport$4
instanceKlass com/sun/org/apache/xalan/internal/utils/SecuritySupport
instanceKlass com/sun/org/apache/xalan/internal/utils/FeaturePropertyBase
instanceKlass javax/xml/xpath/SecuritySupport$5
instanceKlass javax/xml/xpath/XPathFactoryFinder$2
instanceKlass javax/xml/xpath/SecuritySupport$8
instanceKlass javax/xml/xpath/SecuritySupport$2
instanceKlass javax/xml/xpath/XPathFactoryFinder
instanceKlass javax/xml/xpath/SecuritySupport$1
instanceKlass javax/xml/xpath/SecuritySupport
instanceKlass javax/xml/xpath/XPathFactory
instanceKlass com/android/xml/AndroidXPathFactory
instanceKlass com/android/builder/internal/compiler/FileGatherer
instanceKlass com/android/builder/internal/compiler/RenderScriptProcessor$Abi
instanceKlass com/android/builder/internal/compiler/RenderScriptProcessor
instanceKlass com/android/builder/internal/compiler/LeafFolderGatherer
instanceKlass com/android/ide/common/process/ProcessEnvBuilder
instanceKlass com/android/manifmerger/ManifestMerger2$Invoker
instanceKlass com/android/manifmerger/MergingReport
instanceKlass com/android/builder/model/NativeToolchain
instanceKlass com/google/common/io/Closer$SuppressingSuppressor
instanceKlass com/google/common/io/Closer$Suppressor
instanceKlass com/google/common/io/Closer
instanceKlass com/android/builder/internal/incremental/DependencyDataStore
instanceKlass java/util/concurrent/Executors$DefaultThreadFactory
instanceKlass java/util/concurrent/ExecutorCompletionService
instanceKlass java/util/concurrent/CompletionService
instanceKlass com/android/ide/common/internal/WaitableExecutor
instanceKlass com/android/builder/internal/compiler/SourceSearcher
instanceKlass com/android/builder/internal/compiler/AidlProcessor
instanceKlass com/android/ide/common/process/BaseProcessOutputHandler
instanceKlass com/android/build/gradle/tasks/AidlCompile$DepFileProcessor
instanceKlass org/gradle/api/internal/changedetection/changes/StatefulIncrementalTaskInputs
instanceKlass org/gradle/api/internal/changedetection/changes/IncrementalTaskInputsInternal
instanceKlass org/gradle/api/internal/changedetection/state/InputPropertiesSerializer
instanceKlass org/gradle/api/internal/changedetection/state/CacheBackedTaskHistoryRepository$LazyTaskExecution$TaskHistorySerializer
instanceKlass org/gradle/api/internal/changedetection/state/DefaultFileCollectionSnapshotter$MissingFileSnapshot
instanceKlass org/gradle/api/internal/changedetection/state/CacheBackedTaskHistoryRepository$1$1
instanceKlass org/apache/commons/lang/ObjectUtils$Null
instanceKlass org/apache/commons/lang/exception/Nestable
instanceKlass org/apache/commons/lang/ObjectUtils
instanceKlass org/gradle/api/internal/changedetection/state/DefaultFileCollectionSnapshotter$DirSnapshot
instanceKlass org/gradle/api/internal/changedetection/state/MapMergeChangeListener$DefaultMerge
instanceKlass org/gradle/api/internal/changedetection/state/FileCollectionSnapshot$Merge
instanceKlass org/gradle/util/DiffUtil
instanceKlass org/gradle/util/NoOpChangeListener
instanceKlass org/gradle/api/internal/changedetection/state/MapMergeChangeListener
instanceKlass org/gradle/api/internal/changedetection/rules/OutputFilesStateChangeRule$1$2
instanceKlass org/gradle/api/internal/changedetection/state/DefaultFileCollectionSnapshotter$FileCollectionSnapshotImpl$3
instanceKlass org/gradle/api/internal/changedetection/state/OutputFilesCollectionSnapshotter$OutputFilesDiff
instanceKlass org/gradle/api/internal/tasks/SimpleWorkResult
instanceKlass org/gradle/api/internal/ChainingTransformer
instanceKlass org/gradle/api/internal/file/copy/FilterChain
instanceKlass org/gradle/api/tasks/util/internal/CachingPatternSpecFactory$CachingSpec$1
instanceKlass org/gradle/api/tasks/util/internal/CachingPatternSpecFactory$CacheKey
instanceKlass org/apache/tools/zip/ZipEightByteInteger
instanceKlass org/apache/tools/zip/Zip64ExtendedInformationExtraField
instanceKlass org/apache/tools/zip/JarMarker
instanceKlass org/apache/tools/zip/AsiExtraField
instanceKlass org/apache/tools/zip/UnixStat
instanceKlass org/apache/tools/zip/ExtraFieldUtils
instanceKlass org/apache/tools/zip/ExtraFieldUtils$UnparseableExtraField
instanceKlass org/apache/tools/zip/AbstractUnicodeExtraField
instanceKlass org/apache/tools/zip/ZipUtil
instanceKlass org/apache/tools/zip/ZipShort
instanceKlass org/apache/tools/zip/GeneralPurposeBit
instanceKlass org/apache/tools/zip/UnparseableExtraFieldData
instanceKlass org/apache/tools/zip/CentralDirectoryParsingZipExtraField
instanceKlass org/apache/tools/zip/ZipFile$OffsetEntry
instanceKlass org/apache/tools/zip/FallbackZipEncoding
instanceKlass org/apache/tools/zip/ZipEncodingHelper$SimpleEncodingHolder
instanceKlass org/apache/tools/zip/ZipEncoding
instanceKlass org/apache/tools/zip/ZipEncodingHelper
instanceKlass org/apache/tools/zip/ZipFile$2
instanceKlass org/apache/tools/zip/ZipLong
instanceKlass org/apache/tools/zip/ZipExtraField
instanceKlass org/apache/tools/zip/ZipFile
instanceKlass org/gradle/api/internal/file/AbstractFileTree$FilteredFileTreeImpl$1
instanceKlass org/gradle/api/internal/file/copy/CopyFileVisitorImpl
instanceKlass org/gradle/api/internal/file/copy/CopySpecActionImpl
instanceKlass org/gradle/api/internal/file/copy/DuplicateHandlingCopyActionDecorator$1$1
instanceKlass org/gradle/api/internal/file/copy/NormalizingCopyActionDecorator$1$1
instanceKlass org/gradle/api/internal/file/copy/FileCopyAction$FileCopyDetailsInternalAction
instanceKlass org/gradle/api/internal/file/copy/FileCopyDetailsInternal
instanceKlass org/gradle/api/internal/file/copy/NormalizingCopyActionDecorator$1
instanceKlass org/gradle/api/internal/file/copy/DuplicateHandlingCopyActionDecorator$1
instanceKlass org/gradle/api/internal/file/copy/CopySpecBackedCopyActionProcessingStream
instanceKlass org/gradle/api/internal/file/copy/NormalizingCopyActionDecorator
instanceKlass org/gradle/api/internal/file/copy/DuplicateHandlingCopyActionDecorator
instanceKlass org/gradle/api/internal/file/copy/CopyActionProcessingStream
instanceKlass org/gradle/api/internal/file/copy/CopyActionExecuter
instanceKlass org/gradle/api/internal/file/CopyActionProcessingStreamAction
instanceKlass org/gradle/api/internal/file/copy/FileCopyAction
instanceKlass org/gradle/api/internal/file/copy/MatchingCopyAction
instanceKlass com/android/build/gradle/internal/LibraryCache$1$1
instanceKlass org/gradle/api/internal/file/archive/ZipFileTree
instanceKlass org/gradle/api/internal/file/collections/FileSystemMirroringFileTree
instanceKlass org/gradle/api/internal/file/copy/CopySpecWrapper
instanceKlass com/google/common/collect/TreeTraverser$PostOrderNode
instanceKlass org/gradle/api/internal/changedetection/rules/DescriptiveChange
instanceKlass org/gradle/api/internal/changedetection/rules/TaskStateChange
instanceKlass org/gradle/api/internal/changedetection/rules/SummaryTaskStateChanges
instanceKlass org/gradle/api/internal/changedetection/rules/DiscoveredInputFilesStateChangeRule$1
instanceKlass org/gradle/api/internal/changedetection/rules/DiscoveredTaskStateChanges
instanceKlass org/gradle/api/internal/changedetection/rules/DiscoveredInputFilesStateChangeRule
instanceKlass org/gradle/api/internal/changedetection/rules/InputFilesStateChangeRule$1
instanceKlass org/gradle/api/internal/changedetection/rules/InputFilesStateChangeRule
instanceKlass org/gradle/api/internal/changedetection/state/DefaultFileCollectionSnapshotter$FileCollectionSnapshotImpl$1
instanceKlass com/google/common/cache/RemovalNotification
instanceKlass org/gradle/cache/internal/DefaultMultiProcessSafePersistentIndexedCache$2
instanceKlass org/gradle/api/internal/changedetection/state/DefaultFileCollectionSnapshotter$FileHashSnapshot
instanceKlass org/gradle/api/internal/changedetection/state/DefaultFileCollectionSnapshotter$IncrementalFileSnapshot
instanceKlass org/gradle/api/internal/changedetection/state/DefaultFileCollectionSnapshotter$1
instanceKlass org/gradle/api/internal/changedetection/state/DefaultFileCollectionSnapshotter$2
instanceKlass org/gradle/api/internal/file/collections/FilteredFileTree
instanceKlass org/gradle/api/internal/file/collections/FileTreeWithBackingFile
instanceKlass org/gradle/api/internal/file/collections/SingletonFileTree
instanceKlass org/gradle/api/internal/changedetection/rules/CachingTaskStateChanges
instanceKlass org/gradle/api/internal/changedetection/rules/OutputFilesStateChangeRule$1
instanceKlass org/gradle/api/internal/changedetection/state/FilesSnapshotSet
instanceKlass org/gradle/api/internal/changedetection/state/FileCollectionSnapshot$Diff
instanceKlass org/gradle/api/internal/changedetection/state/FileCollectionSnapshot$ChangeIterator
instanceKlass org/gradle/cache/internal/DefaultMultiProcessSafePersistentIndexedCache$3
instanceKlass org/gradle/api/internal/changedetection/state/OutputFilesCollectionSnapshotter$1
instanceKlass org/gradle/api/internal/changedetection/rules/OutputFilesStateChangeRule
instanceKlass org/gradle/util/ChangeListener
instanceKlass org/gradle/api/internal/changedetection/rules/InputPropertiesStateChangeRule
instanceKlass org/gradle/api/internal/changedetection/rules/TaskTypeStateChangeRule
instanceKlass org/gradle/api/internal/changedetection/rules/SimpleTaskStateChanges
instanceKlass org/gradle/api/internal/changedetection/rules/NoHistoryStateChangeRule
instanceKlass org/gradle/api/internal/changedetection/rules/TaskStateChanges
instanceKlass org/gradle/api/internal/changedetection/rules/TaskUpToDateState
instanceKlass org/gradle/api/internal/changedetection/state/CacheBackedTaskHistoryRepository$1
instanceKlass org/gradle/api/internal/changedetection/state/CacheBackedTaskHistoryRepository$TaskHistory
instanceKlass org/gradle/cache/internal/DefaultCacheAccess$4
instanceKlass org/gradle/api/internal/changedetection/state/CacheBackedTaskHistoryRepository$2
instanceKlass org/gradle/api/internal/changedetection/changes/DefaultTaskArtifactStateRepository$TaskArtifactStateImpl
instanceKlass org/gradle/api/internal/changedetection/changes/NoHistoryArtifactState
instanceKlass com/android/builder/profile/ExecutionRecord
instanceKlass com/google/common/base/Ascii
instanceKlass org/gradle/api/internal/tasks/execution/DefaultTaskExecutionContext
instanceKlass com/android/build/gradle/internal/profile/RecordingBuildListener$TaskRecord
instanceKlass org/gradle/internal/progress/OperationIdGenerator
instanceKlass org/gradle/execution/taskgraph/AbstractTaskPlanExecutor$TaskExecutorWorker
instanceKlass org/gradle/api/execution/TaskActionListener
instanceKlass org/gradle/api/internal/tasks/execution/ExecuteActionsTaskExecuter
instanceKlass org/gradle/api/internal/tasks/execution/PostExecutionAnalysisTaskExecuter
instanceKlass org/gradle/api/internal/tasks/execution/SkipUpToDateTaskExecuter
instanceKlass org/gradle/api/internal/tasks/execution/ValidatingTaskExecuter
instanceKlass org/gradle/api/internal/tasks/execution/SkipEmptySourceFilesTaskExecuter
instanceKlass org/gradle/api/internal/tasks/execution/SkipTaskWithNoActionsExecuter
instanceKlass org/gradle/api/internal/tasks/execution/SkipOnlyIfTaskExecuter
instanceKlass org/gradle/api/internal/tasks/execution/ExecuteAtMostOnceTaskExecuter
instanceKlass org/gradle/api/execution/internal/TaskInputsListener$1
instanceKlass org/gradle/api/execution/internal/TaskInputsListener
instanceKlass org/gradle/api/internal/changedetection/changes/DefaultTaskArtifactStateRepository
instanceKlass org/gradle/api/internal/changedetection/TaskArtifactState
instanceKlass org/gradle/api/internal/changedetection/changes/ShortCircuitTaskArtifactStateRepository
instanceKlass org/gradle/api/internal/changedetection/state/CacheBackedTaskHistoryRepository$TaskHistorySerializer
instanceKlass org/gradle/api/internal/changedetection/state/CacheBackedFileSnapshotRepository
instanceKlass org/gradle/api/internal/changedetection/state/TaskHistoryRepository$History
instanceKlass org/gradle/api/internal/changedetection/state/TaskExecution
instanceKlass org/gradle/api/internal/changedetection/state/CacheBackedTaskHistoryRepository
instanceKlass org/gradle/api/internal/changedetection/state/OutputFilesSnapshotSerializer
instanceKlass org/gradle/api/internal/changedetection/state/OutputFilesCollectionSnapshotter$OutputFilesSnapshot
instanceKlass org/gradle/api/internal/changedetection/state/DefaultFileSnapshotterSerializer
instanceKlass org/gradle/api/internal/changedetection/state/DefaultFileCollectionSnapshotter$FileCollectionSnapshotImpl
instanceKlass org/gradle/internal/serialize/LongSerializer
instanceKlass org/gradle/api/internal/changedetection/state/OutputFilesCollectionSnapshotter
instanceKlass org/gradle/api/internal/changedetection/state/FileCollectionSnapshot
instanceKlass org/gradle/api/internal/changedetection/state/DefaultFileCollectionSnapshotter
instanceKlass org/gradle/api/internal/changedetection/state/InMemoryTaskArtifactCache$1
instanceKlass com/google/common/cache/Striped64$Cell
instanceKlass com/google/common/cache/Striped64$1
instanceKlass com/google/common/cache/LongAddable
instanceKlass com/google/common/cache/LongAddables$2
instanceKlass com/google/common/cache/LongAddables$1
instanceKlass com/google/common/cache/LongAddables
instanceKlass com/google/common/cache/AbstractCache$SimpleStatsCounter
instanceKlass org/gradle/api/internal/changedetection/state/InMemoryTaskArtifactCache$LoggingEvictionListener
instanceKlass org/gradle/api/internal/changedetection/state/DefaultTaskArtifactStateCacheAccess
instanceKlass org/gradle/api/internal/changedetection/state/InMemoryTaskArtifactCache$CacheCapSizer
instanceKlass org/gradle/execution/taskgraph/DefaultTaskGraphExecuter$EventFiringTaskWorker
instanceKlass org/gradle/internal/progress/PercentageProgressFormatter
instanceKlass org/gradle/execution/taskgraph/DefaultTaskExecutionPlan$2
instanceKlass org/gradle/execution/taskgraph/DefaultTaskExecutionPlan$TaskInfoInVisitingSegment
instanceKlass org/gradle/execution/taskgraph/DefaultTaskExecutionPlan$1
instanceKlass org/gradle/execution/taskgraph/DefaultTaskGraphExecuter$1
instanceKlass org/gradle/execution/SelectedTaskExecutionAction$BindAllReferencesOfProjectsToExecuteListener
instanceKlass org/gradle/execution/DefaultBuildExecuter$1
instanceKlass org/gradle/initialization/DefaultGradleLauncher$4
instanceKlass org/gradle/api/internal/file/collections/BuildDependenciesOnlyFileCollectionResolveContext
instanceKlass org/gradle/api/internal/tasks/CachingTaskDependencyResolveContext$TaskGraphImpl
instanceKlass org/gradle/api/internal/tasks/CachingTaskDependencyResolveContext
instanceKlass org/gradle/execution/taskgraph/TaskInfo
instanceKlass org/gradle/cli/ParsedCommandLine
instanceKlass org/gradle/cli/CommandLineParser$OptionParserState
instanceKlass org/gradle/cli/CommandLineParser$ParserState
instanceKlass org/gradle/cli/CommandLineParser
instanceKlass org/gradle/execution/TaskSelector$TaskSelection
instanceKlass org/gradle/execution/TaskNameResolver$1
instanceKlass org/gradle/execution/taskpath/ResolvedTaskPath
instanceKlass org/gradle/util/NameMatcher
instanceKlass org/gradle/execution/DefaultBuildConfigurationActionExecuter$1
instanceKlass org/gradle/initialization/DefaultGradleLauncher$3
instanceKlass org/gradle/internal/DefaultTaskExecutionRequest
instanceKlass org/gradle/internal/classloader/ClassLoaderSpec$1
instanceKlass org/gradle/launcher/daemon/registry/PersistentDaemonRegistry$3
instanceKlass org/gradle/cache/internal/DefaultMultiProcessSafePersistentIndexedCache$4
instanceKlass org/apache/tools/ant/IntrospectionHelper$AttributeSetter
instanceKlass org/apache/tools/ant/IntrospectionHelper$NestedCreator
instanceKlass org/apache/tools/ant/IntrospectionHelper
instanceKlass com/google/common/collect/ImmutableSet$SerializedForm
instanceKlass com/google/common/collect/ImmutableList$SerializedForm
instanceKlass com/google/common/collect/ImmutableMap$SerializedForm
instanceKlass org/gradle/tooling/internal/provider/DefaultPayloadClassLoaderRegistry$1
instanceKlass org/gradle/tooling/internal/provider/BuildActionResult
instanceKlass org/gradle/api/internal/artifacts/result/DefaultUnresolvedComponentResult
instanceKlass org/gradle/api/artifacts/result/UnresolvedComponentResult
instanceKlass com/android/builder/model/LintOptions
instanceKlass com/android/builder/model/AaptOptions
instanceKlass com/android/builder/model/ProductFlavorContainer
instanceKlass com/android/builder/model/JavaCompileOptions
instanceKlass com/android/build/gradle/internal/model/VariantImpl
instanceKlass com/android/builder/model/JavaArtifact
instanceKlass com/android/build/gradle/internal/model/ModelBuilder$1
instanceKlass com/android/builder/model/JavaLibrary
instanceKlass com/android/build/gradle/internal/model/LibraryImpl
instanceKlass java/util/zip/ZipFile$ZipEntryIterator
instanceKlass com/android/ide/common/caching/CreatingCache$1
instanceKlass com/android/ide/common/caching/CreatingCache$ValueState
instanceKlass java/util/concurrent/CountDownLatch
instanceKlass com/android/build/gradle/internal/model/BaseArtifactImpl
instanceKlass com/android/build/gradle/internal/incremental/InstantRunAnchorTask$ConfigAction
instanceKlass com/android/build/gradle/internal/model/InstantRunImpl
instanceKlass com/android/build/gradle/internal/model/AndroidArtifactOutputImpl
instanceKlass com/android/builder/model/AndroidArtifactOutput
instanceKlass com/android/build/gradle/internal/model/OutputFileImpl
instanceKlass com/android/build/gradle/internal/model/ModelBuilder$SourceProviders
instanceKlass com/android/build/gradle/internal/model/BuildTypeContainerImpl
instanceKlass com/android/builder/model/BuildTypeContainer
instanceKlass com/android/build/gradle/internal/model/ApiVersionImpl
instanceKlass com/android/build/gradle/internal/model/BaseConfigImpl
instanceKlass com/android/build/gradle/internal/model/SourceProviderImpl
instanceKlass com/android/build/gradle/internal/model/SourceProviderContainerImpl
instanceKlass com/android/builder/model/SourceProviderContainer
instanceKlass com/android/build/gradle/internal/model/ProductFlavorContainerImpl
instanceKlass com/android/builder/model/ProductFlavorContainer
instanceKlass com/android/build/gradle/internal/model/DefaultJavaCompileOptions
instanceKlass com/android/build/gradle/internal/model/SigningConfigImpl
instanceKlass com/android/builder/model/JavaCompileOptions
instanceKlass com/android/build/gradle/internal/model/DefaultAndroidProject
instanceKlass com/android/build/gradle/internal/model/AaptOptionsImpl
instanceKlass com/android/build/gradle/internal/model/ArtifactMetaDataImpl
instanceKlass com/android/builder/model/ArtifactMetaData
instanceKlass org/gradle/tooling/model/gradle/GradleScript
instanceKlass java/lang/reflect/WeakCache$LookupValue
instanceKlass org/jetbrains/plugins/gradle/tooling/internal/ClasspathEntryModelImpl
instanceKlass org/codehaus/groovy/runtime/typehandling/NumberMathModificationInfo
instanceKlass org/gradle/plugins/ide/idea/model/JarDirectory
instanceKlass org/gradle/plugins/ide/idea/model/Path
instanceKlass org/gradle/plugins/ide/idea/model/ModuleLibrary
instanceKlass org/gradle/plugins/ide/idea/model/internal/IdeaDependenciesProvider$6
instanceKlass com/google/common/base/Predicates$IsEqualToPredicate
instanceKlass org/jetbrains/plugins/gradle/tooling/internal/BuildScriptClasspathModelImpl
instanceKlass org/gradle/tooling/model/gradle/BasicGradleProject
instanceKlass org/gradle/tooling/internal/gradle/DefaultGradleBuild
instanceKlass org/jetbrains/plugins/gradle/model/DefaultExternalPlugin
instanceKlass org/gradle/api/tasks/SourceSetOutput
instanceKlass java/lang/invoke/SerializedLambda
instanceKlass java/util/TreeMap$TreeMapSpliterator
instanceKlass org/gradle/api/internal/tasks/testing/detection/TestFrameworkDetector
instanceKlass org/gradle/api/internal/tasks/testing/WorkerTestClassProcessorFactory
instanceKlass org/jetbrains/plugins/gradle/model/DefaultExternalTask
instanceKlass org/codehaus/groovy/runtime/metaclass/ClosureMetaClass$6
instanceKlass org/gradle/api/internal/project/AbstractProject$2
instanceKlass org/jetbrains/plugins/gradle/model/DefaultExternalProject
instanceKlass org/jetbrains/plugins/gradle/tooling/internal/IdeaContentRootImpl
instanceKlass org/jetbrains/plugins/gradle/model/ExtIdeaContentRoot
instanceKlass org/gradle/tooling/model/idea/IdeaContentRoot
instanceKlass org/jetbrains/plugins/gradle/tooling/internal/IdeaCompilerOutputImpl
instanceKlass org/jetbrains/plugins/gradle/tooling/internal/ModuleExtendedModelImpl
instanceKlass org/jetbrains/plugins/gradle/tooling/util/VersionMatcher
instanceKlass org/jetbrains/plugins/gradle/tooling/annotation/TargetVersions
instanceKlass org/gradle/tooling/model/internal/Exceptions
instanceKlass org/gradle/tooling/model/idea/IdeaCompilerOutput
instanceKlass org/gradle/tooling/internal/adapter/MethodInvocation
instanceKlass org/gradle/tooling/model/idea/IdeaLanguageLevel
instanceKlass org/gradle/tooling/internal/adapter/ProtocolToModelAdapter$ReflectionMethodInvoker
instanceKlass org/gradle/tooling/internal/adapter/ProtocolToModelAdapter$ChainedMethodInvoker
instanceKlass org/gradle/tooling/internal/adapter/ProtocolToModelAdapter$AdaptingMethodInvoker
instanceKlass org/gradle/tooling/internal/adapter/ProtocolToModelAdapter$PropertyCachingMethodInvoker
instanceKlass org/gradle/tooling/internal/adapter/ProtocolToModelAdapter$SafeMethodInvoker
instanceKlass org/gradle/tooling/internal/adapter/ProtocolToModelAdapter$SupportedPropertyInvoker
instanceKlass org/gradle/tooling/internal/adapter/ProtocolToModelAdapter$InvocationHandlerImpl
instanceKlass org/gradle/tooling/internal/adapter/ProtocolToModelAdapter$DefaultSourceObjectMapping
instanceKlass org/gradle/tooling/internal/adapter/SourceObjectMapping
instanceKlass org/gradle/tooling/internal/provider/connection/ProviderBuildResult
instanceKlass org/gradle/plugins/ide/idea/model/internal/IdeaDependenciesProvider$3
instanceKlass com/google/common/collect/LinkedHashMultimap$1
instanceKlass org/gradle/api/internal/artifacts/result/DefaultArtifactResolutionResult
instanceKlass org/gradle/api/internal/artifacts/result/DefaultResolvedArtifactResult
instanceKlass org/gradle/api/artifacts/result/ResolvedArtifactResult
instanceKlass org/gradle/api/internal/artifacts/ivyservice/ivyresolve/CachingModuleComponentRepository$ArtifactIdToMetaData
instanceKlass org/gradle/api/internal/artifacts/ivyservice/modulecache/DefaultModuleArtifactsCache$DefaultCachedArtifacts
instanceKlass org/gradle/api/internal/artifacts/ivyservice/modulecache/DefaultModuleArtifactsCache$ModuleArtifactsCacheEntry
instanceKlass org/gradle/api/internal/artifacts/ivyservice/modulecache/DefaultModuleArtifactsCache$ModuleArtifactsCacheEntrySerializer
instanceKlass org/gradle/api/internal/artifacts/ivyservice/modulecache/DefaultModuleArtifactsCache$ModuleArtifactsKeySerializer
instanceKlass org/gradle/api/internal/artifacts/ivyservice/modulecache/DefaultModuleArtifactsCache$ModuleArtifactsKey
instanceKlass org/gradle/api/internal/artifacts/result/DefaultComponentArtifactsResult
instanceKlass org/gradle/api/artifacts/result/ArtifactResolutionResult
instanceKlass org/gradle/api/internal/artifacts/query/DefaultArtifactResolutionQuery$1
instanceKlass org/gradle/api/internal/artifacts/configurations/DetachedConfigurationsProvider
instanceKlass com/google/common/collect/AbstractMapBasedMultimap$KeySet$1
instanceKlass org/gradle/api/artifacts/result/ComponentArtifactsResult
instanceKlass org/gradle/api/artifacts/result/ComponentResult
instanceKlass org/gradle/api/artifacts/result/ArtifactResult
instanceKlass org/gradle/api/internal/artifacts/query/DefaultArtifactResolutionQuery
instanceKlass org/gradle/plugins/ide/internal/resolver/model/IdeExtendedRepoFileDependency$FileNameComparator
instanceKlass org/gradle/plugins/ide/internal/resolver/model/IdeDependency
instanceKlass org/gradle/plugins/ide/internal/resolver/DefaultIdeDependencyResolver$2
instanceKlass org/gradle/plugins/ide/internal/resolver/DefaultIdeDependencyResolver$1
instanceKlass java/util/EnumMap$EnumMapIterator
instanceKlass org/gradle/plugins/ide/idea/model/internal/IdeaDependenciesProvider$8
instanceKlass org/gradle/plugins/ide/idea/model/internal/IdeaDependenciesProvider$7
instanceKlass org/gradle/plugins/ide/idea/model/internal/IdeaDependenciesProvider$1
instanceKlass org/gradle/plugins/ide/idea/model/internal/IdeaScopeMappingRule
instanceKlass org/gradle/plugins/ide/internal/resolver/DefaultIdeDependencyResolver
instanceKlass org/gradle/plugins/ide/internal/resolver/IdeDependencyResolver
instanceKlass org/gradle/plugins/ide/internal/resolver/model/IdeDependencyKey
instanceKlass org/gradle/plugins/ide/internal/IdeDependenciesExtractor
instanceKlass org/gradle/plugins/ide/internal/resolver/model/IdeDependencyKey$DependencyBuilder
instanceKlass org/gradle/plugins/ide/idea/model/internal/IdeaDependenciesProvider
instanceKlass org/gradle/plugins/ide/internal/tooling/idea/DefaultIdeaCompilerOutput
instanceKlass org/gradle/plugins/ide/internal/tooling/idea/DefaultIdeaModule
instanceKlass org/gradle/plugins/ide/internal/tooling/idea/DefaultIdeaContentRoot
instanceKlass org/gradle/plugins/ide/internal/tooling/idea/DefaultIdeaLanguageLevel
instanceKlass org/gradle/plugins/ide/internal/tooling/idea/DefaultIdeaProject
instanceKlass org/gradle/util/DistributionLocator
instanceKlass org/gradle/buildinit/tasks/internal/TaskConfiguration$3
instanceKlass org/gradle/api/internal/AbstractTask$5
instanceKlass org/gradle/buildinit/tasks/internal/TaskConfiguration$2
instanceKlass org/gradle/buildinit/tasks/internal/TaskConfiguration$1
instanceKlass org/gradle/api/internal/tasks/options/OptionValues
instanceKlass org/gradle/api/tasks/diagnostics/internal/TaskReportModel
instanceKlass org/gradle/internal/graph/GraphRenderer
instanceKlass org/gradle/api/plugins/HelpTasksPlugin$Rules$1
instanceKlass org/gradle/language/base/plugins/LifecycleBasePlugin$1$1
instanceKlass org/gradle/api/tasks/diagnostics/BuildEnvironmentReportTask$1
instanceKlass org/gradle/api/tasks/diagnostics/internal/graph/nodes/RenderableDependency
instanceKlass org/gradle/api/tasks/diagnostics/internal/graph/NodeRenderer
instanceKlass org/gradle/api/tasks/diagnostics/internal/DependencyReportRenderer
