#
# There is insufficient memory for the Java Runtime Environment to continue.
# Native memory allocation (malloc) failed to allocate 921456 bytes for Chunk::new
# Possible reasons:
#   The system is out of physical RAM or swap space
#   In 32 bit mode, the process size limit was hit
# Possible solutions:
#   Reduce memory load on the system
#   Increase physical memory or swap space
#   Check if swap backing store is full
#   Use 64 bit Java on a 64 bit OS
#   Decrease Java heap size (-Xmx/-Xms)
#   Decrease number of Java threads
#   Decrease Java thread stack sizes (-Xss)
#   Set larger code cache with -XX:ReservedCodeCacheSize=
# This output file may be truncated or incomplete.
#
#  Out of Memory Error (allocation.cpp:390), pid=5472, tid=5284
#
# JRE version: Java(TM) SE Runtime Environment (8.0_77-b03) (build 1.8.0_77-b03)
# Java VM: Java HotSpot(TM) 64-Bit Server VM (25.77-b03 mixed mode windows-amd64 compressed oops)
# Failed to write core dump. Minidumps are not enabled by default on client versions of Windows
#

---------------  T H R E A D  ---------------

Current thread (0x000000001562b000):  JavaThread "C2 CompilerThread0" daemon [_thread_in_native, id=5284, stack(0x0000000016c70000,0x0000000016d70000)]

Stack: [0x0000000016c70000,0x0000000016d70000]
[error occurred during error reporting (printing stack bounds), id 0xc0000005]

Native frames: (J=compiled Java code, j=interpreted, Vv=VM code, C=native code)


Current CompileTask:
C2:   8708 1248       4       com.android.dx.ssa.SCCP::simulateStmt (481 bytes)


---------------  P R O C E S S  ---------------

Java Threads: ( => current thread )
  0x00000000170d1000 JavaThread "pool-2-thread-4" [_thread_in_Java, id=8632, stack(0x0000000017970000,0x0000000017a70000)]
  0x00000000170d0000 JavaThread "pool-2-thread-3" [_thread_in_Java, id=4388, stack(0x0000000017870000,0x0000000017970000)]
  0x00000000170cf800 JavaThread "pool-2-thread-2" [_thread_in_Java, id=8968, stack(0x0000000017770000,0x0000000017870000)]
  0x0000000017132000 JavaThread "pool-3-thread-1" [_thread_blocked, id=8100, stack(0x0000000017670000,0x0000000017770000)]
  0x000000001711c000 JavaThread "pool-2-thread-1" [_thread_in_vm, id=5012, stack(0x0000000017570000,0x0000000017670000)]
  0x0000000016e7f000 JavaThread "Service Thread" daemon [_thread_blocked, id=7992, stack(0x0000000017370000,0x0000000017470000)]
  0x0000000016e78800 JavaThread "C1 CompilerThread2" daemon [_thread_blocked, id=8884, stack(0x0000000017270000,0x0000000017370000)]
  0x0000000015630800 JavaThread "C2 CompilerThread1" daemon [_thread_in_native, id=7392, stack(0x0000000016d70000,0x0000000016e70000)]
=>0x000000001562b000 JavaThread "C2 CompilerThread0" daemon [_thread_in_native, id=5284, stack(0x0000000016c70000,0x0000000016d70000)]
  0x0000000015629800 JavaThread "Attach Listener" daemon [_thread_blocked, id=7720, stack(0x0000000016b70000,0x0000000016c70000)]
  0x0000000015628000 JavaThread "Signal Dispatcher" daemon [_thread_blocked, id=920, stack(0x0000000016a70000,0x0000000016b70000)]
  0x000000001561a800 JavaThread "Finalizer" daemon [_thread_blocked, id=7808, stack(0x0000000016890000,0x0000000016990000)]
  0x0000000002f50000 JavaThread "Reference Handler" daemon [_thread_blocked, id=1732, stack(0x0000000016790000,0x0000000016890000)]
  0x0000000002e5d800 JavaThread "main" [_thread_in_Java, id=460, stack(0x0000000002ca0000,0x0000000002da0000)]

Other Threads:
  0x00000000155f7800 VMThread [stack: 0x0000000016690000,0x0000000016790000] [id=5192]
  0x0000000016e8c000 WatcherThread [stack: 0x0000000017470000,0x0000000017570000] [id=3736]

VM state:not at safepoint (normal execution)

VM Mutex/Monitor currently owned by a thread: None

Heap:
 PSYoungGen      total 35328K, used 28047K [0x00000000eab00000, 0x00000000ed000000, 0x0000000100000000)
  eden space 32768K, 77% used [0x00000000eab00000,0x00000000ec3ea050,0x00000000ecb00000)
  from space 2560K, 99% used [0x00000000ecb00000,0x00000000ecd79c50,0x00000000ecd80000)
  to   space 2560K, 0% used [0x00000000ecd80000,0x00000000ecd80000,0x00000000ed000000)
 ParOldGen       total 44032K, used 7528K [0x00000000c0000000, 0x00000000c2b00000, 0x00000000eab00000)
  object space 44032K, 17% used [0x00000000c0000000,0x00000000c075a0f8,0x00000000c2b00000)
 Metaspace       used 6195K, capacity 7090K, committed 7296K, reserved 1056768K
  class space    used 603K, capacity 618K, committed 640K, reserved 1048576K

Card table byte_map: [0x0000000012320000,0x0000000012530000] byte_map_base: 0x0000000011d20000

Marking Bits: (ParMarkBitMap*) 0x000000006c650600
 Begin Bits: [0x0000000012a90000, 0x0000000013a90000)
 End Bits:   [0x0000000013a90000, 0x0000000014a90000)

Polling page: 0x0000000001350000

CodeCache: size=245760Kb used=5148Kb max_used=5148Kb free=240611Kb
 bounds [0x0000000002f60000, 0x0000000003470000, 0x0000000011f60000]
 total_blobs=1592 nmethods=1322 adapters=182
 compilation: disabled (not enough contiguous free space left)

Compilation events (10 events):
Event: 7.998 Thread 0x0000000016e78800 nmethod 1289 0x0000000003449150 code [0x0000000003449360, 0x0000000003449d28]
Event: 8.119 Thread 0x0000000015630800 nmethod 1284 0x000000000344ef50 code [0x000000000344f280, 0x0000000003451210]
Event: 8.120 Thread 0x0000000015630800 1260       4       com.android.dx.rop.code.RegisterSpec::makeLocalOptional (7 bytes)
Event: 8.120 Thread 0x0000000015630800 nmethod 1260 0x0000000003443090 code [0x00000000034431e0, 0x0000000003443248]
Event: 8.120 Thread 0x0000000015630800 1251       4       java.util.ArrayList$SubList::<init> (46 bytes)
Event: 8.121 Thread 0x0000000015630800 nmethod 1251 0x0000000003442e10 code [0x0000000003442f40, 0x0000000003442fd8]
Event: 8.121 Thread 0x0000000015630800 1240       4       com.android.dx.util.LabeledList::set (45 bytes)
Event: 8.146 Thread 0x0000000015630800 nmethod 1240 0x000000000344ad90 code [0x000000000344af20, 0x000000000344b5c8]
Event: 8.146 Thread 0x0000000015630800 1250       4       com.android.dx.rop.code.RegisterSpec::make (7 bytes)
Event: 8.147 Thread 0x0000000015630800 nmethod 1250 0x0000000003442bd0 code [0x0000000003442d20, 0x0000000003442d88]

GC Heap History (4 events):
Event: 5.580 GC heap before
{Heap before GC invocations=1 (full 0):
 PSYoungGen      total 18944K, used 16384K [0x00000000eab00000, 0x00000000ec000000, 0x0000000100000000)
  eden space 16384K, 100% used [0x00000000eab00000,0x00000000ebb00000,0x00000000ebb00000)
  from space 2560K, 0% used [0x00000000ebd80000,0x00000000ebd80000,0x00000000ec000000)
  to   space 2560K, 0% used [0x00000000ebb00000,0x00000000ebb00000,0x00000000ebd80000)
 ParOldGen       total 44032K, used 0K [0x00000000c0000000, 0x00000000c2b00000, 0x00000000eab00000)
  object space 44032K, 0% used [0x00000000c0000000,0x00000000c0000000,0x00000000c2b00000)
 Metaspace       used 5502K, capacity 6448K, committed 6528K, reserved 1056768K
  class space    used 591K, capacity 616K, committed 640K, reserved 1048576K
Event: 5.873 GC heap after
Heap after GC invocations=1 (full 0):
 PSYoungGen      total 18944K, used 2532K [0x00000000eab00000, 0x00000000ed000000, 0x0000000100000000)
  eden space 16384K, 0% used [0x00000000eab00000,0x00000000eab00000,0x00000000ebb00000)
  from space 2560K, 98% used [0x00000000ebb00000,0x00000000ebd79258,0x00000000ebd80000)
  to   space 2560K, 0% used [0x00000000ecd80000,0x00000000ecd80000,0x00000000ed000000)
 ParOldGen       total 44032K, used 769K [0x00000000c0000000, 0x00000000c2b00000, 0x00000000eab00000)
  object space 44032K, 1% used [0x00000000c0000000,0x00000000c00c0520,0x00000000c2b00000)
 Metaspace       used 5502K, capacity 6448K, committed 6528K, reserved 1056768K
  class space    used 591K, capacity 616K, committed 640K, reserved 1048576K
}
Event: 7.931 GC heap before
{Heap before GC invocations=2 (full 0):
 PSYoungGen      total 18944K, used 18916K [0x00000000eab00000, 0x00000000ed000000, 0x0000000100000000)
  eden space 16384K, 100% used [0x00000000eab00000,0x00000000ebb00000,0x00000000ebb00000)
  from space 2560K, 98% used [0x00000000ebb00000,0x00000000ebd79258,0x00000000ebd80000)
  to   space 2560K, 0% used [0x00000000ecd80000,0x00000000ecd80000,0x00000000ed000000)
 ParOldGen       total 44032K, used 769K [0x00000000c0000000, 0x00000000c2b00000, 0x00000000eab00000)
  object space 44032K, 1% used [0x00000000c0000000,0x00000000c00c0520,0x00000000c2b00000)
 Metaspace       used 5974K, capacity 6898K, committed 7040K, reserved 1056768K
  class space    used 597K, capacity 618K, committed 640K, reserved 1048576K
Event: 7.941 GC heap after
Heap after GC invocations=2 (full 0):
 PSYoungGen      total 35328K, used 2554K [0x00000000eab00000, 0x00000000ed000000, 0x0000000100000000)
  eden space 32768K, 0% used [0x00000000eab00000,0x00000000eab00000,0x00000000ecb00000)
  from space 2560K, 99% used [0x00000000ecd80000,0x00000000ecffea90,0x00000000ed000000)
  to   space 2560K, 0% used [0x00000000ecb00000,0x00000000ecb00000,0x00000000ecd80000)
 ParOldGen       total 44032K, used 2766K [0x00000000c0000000, 0x00000000c2b00000, 0x00000000eab00000)
  object space 44032K, 6% used [0x00000000c0000000,0x00000000c02b39d0,0x00000000c2b00000)
 Metaspace       used 5974K, capacity 6898K, committed 7040K, reserved 1056768K
  class space    used 597K, capacity 618K, committed 640K, reserved 1048576K
}

Deoptimization events (10 events):
Event: 5.947 Thread 0x000000001711c000 Uncommon trap: reason=unstable_if action=reinterpret pc=0x000000000319ea70 method=java.util.BitSet.nextSetBit(I)I @ 87
Event: 5.958 Thread 0x000000001711c000 Uncommon trap: reason=unstable_if action=reinterpret pc=0x0000000003190904 method=com.android.dx.rop.code.RegisterSpec.equals(ILcom/android/dx/rop/type/TypeBearer;Lcom/android/dx/rop/code/LocalItem;)Z @ 16
Event: 5.958 Thread 0x000000001711c000 Uncommon trap: reason=unstable_if action=reinterpret pc=0x00000000031c6bf4 method=java.util.BitSet.ensureCapacity(I)V @ 6
Event: 6.436 Thread 0x00000000170d1000 Uncommon trap: reason=class_check action=maybe_recompile pc=0x00000000031d5b54 method=com.android.dx.ssa.NormalSsaInsn.accept(Lcom/android/dx/ssa/SsaInsn$Visitor;)V @ 9
Event: 6.436 Thread 0x00000000170d1000 Uncommon trap: reason=class_check action=maybe_recompile pc=0x00000000031d5b54 method=com.android.dx.ssa.NormalSsaInsn.accept(Lcom/android/dx/ssa/SsaInsn$Visitor;)V @ 9
Event: 6.436 Thread 0x00000000170d1000 Uncommon trap: reason=class_check action=maybe_recompile pc=0x00000000031d5b54 method=com.android.dx.ssa.NormalSsaInsn.accept(Lcom/android/dx/ssa/SsaInsn$Visitor;)V @ 9
Event: 6.436 Thread 0x00000000170d1000 Uncommon trap: reason=class_check action=maybe_recompile pc=0x00000000031d5b54 method=com.android.dx.ssa.NormalSsaInsn.accept(Lcom/android/dx/ssa/SsaInsn$Visitor;)V @ 9
Event: 6.436 Thread 0x00000000170d1000 Uncommon trap: reason=class_check action=maybe_recompile pc=0x00000000031c56b0 method=com.android.dx.ssa.NormalSsaInsn.accept(Lcom/android/dx/ssa/SsaInsn$Visitor;)V @ 9
Event: 6.878 Thread 0x000000001711c000 Uncommon trap: reason=null_check action=make_not_entrant pc=0x0000000003230c50 method=com.android.dx.ssa.SsaRenamer.getLocalForNewReg(I)Lcom/android/dx/rop/code/LocalItem; @ 19
Event: 7.197 Thread 0x00000000170cf800 Uncommon trap: reason=unstable_if action=reinterpret pc=0x0000000003301b9c method=com.android.dx.rop.cst.Constant.compareTo(Lcom/android/dx/rop/cst/Constant;)I @ 12

Internal exceptions (3 events):
Event: 0.535 Thread 0x0000000002e5d800 Exception <a 'java/lang/NoSuchMethodError': Method sun.misc.Unsafe.defineClass(Ljava/lang/String;[BII)Ljava/lang/Class; name or signature does not match> (0x00000000eab07cc0) thrown at [D:\re\workspace\8-2-build-windows-amd64-cygwin\jdk8u77\6540\hotspot\srÿ{Úx!á?
Event: 0.535 Thread 0x0000000002e5d800 Exception <a 'java/lang/NoSuchMethodError': Method sun.misc.Unsafe.prefetchRead(Ljava/lang/Object;J)V name or signature does not match> (0x00000000eab07fa8) thrown at [D:\re\workspace\8-2-build-windows-amd64-cygwin\jdk8u77\6540\hotspot\src\share\vm\prims\jÂ×*qƒ@
Event: 6.878 Thread 0x000000001711c000 Implicit null exception at 0x000000000322eb8e to 0x0000000003230c2d

Events (10 events):
Event: 7.184 loading class java/util/TreeMap$EntrySet done
Event: 7.184 loading class java/util/TreeMap$EntryIterator
Event: 7.184 loading class java/util/TreeMap$EntryIterator done
Event: 7.197 Thread 0x00000000170cf800 Uncommon trap: trap_request=0xffffff65 fr.pc=0x0000000003301b9c
Event: 7.197 Thread 0x00000000170cf800 DEOPT PACKING pc=0x0000000003301b9c sp=0x000000001786e620
Event: 7.197 Thread 0x00000000170cf800 DEOPT UNPACKING pc=0x0000000002fa582a sp=0x000000001786e5c0 mode 2
Event: 7.390 Executing VM operation: ForceSafepoint
Event: 7.390 Executing VM operation: ForceSafepoint done
Event: 7.931 Executing VM operation: ParallelGCFailedAllocation
Event: 7.941 Executing VM operation: ParallelGCFailedAllocation done


Dynamic libraries:
0x00007ff756100000 - 0x00007ff756137000 	C:\Program Files\Java\jdk1.8.0_77\bin\java.exe
0x00007fff29460000 - 0x00007fff29622000 	C:\Windows\SYSTEM32\ntdll.dll
0x00007fff291e0000 - 0x00007fff2928d000 	C:\Windows\system32\KERNEL32.DLL
0x00007fff260f0000 - 0x00007fff262cd000 	C:\Windows\system32\KERNELBASE.dll
0x00007fff26f80000 - 0x00007fff27026000 	C:\Windows\system32\ADVAPI32.dll
0x00007fff27090000 - 0x00007fff2712d000 	C:\Windows\system32\msvcrt.dll
0x00007fff27140000 - 0x00007fff2719b000 	C:\Windows\system32\sechost.dll
0x00007fff26d10000 - 0x00007fff26e36000 	C:\Windows\system32\RPCRT4.dll
0x00007fff277d0000 - 0x00007fff2791e000 	C:\Windows\system32\USER32.dll
0x00007fff274e0000 - 0x00007fff27665000 	C:\Windows\system32\GDI32.dll
0x00007fff1f020000 - 0x00007fff1f294000 	C:\Windows\WinSxS\amd64_microsoft.windows.common-controls_6595b64144ccf1df_6.0.10240.16384_none_f41f7b285750ef43\COMCTL32.dll
0x00007fff28f20000 - 0x00007fff28f56000 	C:\Windows\system32\IMM32.DLL
0x00007fff26ba0000 - 0x00007fff26cfc000 	C:\Windows\system32\MSCTF.dll
0x000000006bad0000 - 0x000000006bba2000 	C:\Program Files\Java\jdk1.8.0_77\jre\bin\msvcr100.dll
0x000000006be40000 - 0x000000006c6d0000 	C:\Program Files\Java\jdk1.8.0_77\jre\bin\server\jvm.dll
0x00007fff27130000 - 0x00007fff27138000 	C:\Windows\system32\PSAPI.DLL
0x00007fff23b30000 - 0x00007fff23b53000 	C:\Windows\SYSTEM32\WINMM.dll
0x00007fff20140000 - 0x00007fff2014a000 	C:\Windows\SYSTEM32\VERSION.dll
0x0000000001300000 - 0x000000000132c000 	C:\Windows\SYSTEM32\WINMMBASE.dll
0x00007fff25ff0000 - 0x00007fff26034000 	C:\Windows\system32\cfgmgr32.dll
0x00007fff24760000 - 0x00007fff24787000 	C:\Windows\SYSTEM32\DEVOBJ.dll
0x00007fff1cfa0000 - 0x00007fff1cfa9000 	C:\Windows\SYSTEM32\WSOCK32.dll
0x00007fff27920000 - 0x00007fff27989000 	C:\Windows\system32\WS2_32.dll
0x00007fff26d00000 - 0x00007fff26d08000 	C:\Windows\system32\NSI.dll
0x000000006d380000 - 0x000000006d38f000 	C:\Program Files\Java\jdk1.8.0_77\jre\bin\verify.dll
0x000000006d350000 - 0x000000006d379000 	C:\Program Files\Java\jdk1.8.0_77\jre\bin\java.dll
0x000000006d330000 - 0x000000006d346000 	C:\Program Files\Java\jdk1.8.0_77\jre\bin\zip.dll
0x00007fff279f0000 - 0x00007fff28f13000 	C:\Windows\system32\SHELL32.dll
0x00007fff26500000 - 0x00007fff26b29000 	C:\Windows\system32\windows.storage.dll
0x00007fff28f60000 - 0x00007fff291dc000 	C:\Windows\system32\combase.dll
0x00007fff26e40000 - 0x00007fff26e91000 	C:\Windows\system32\shlwapi.dll
0x00007fff25eb0000 - 0x00007fff25ebf000 	C:\Windows\system32\kernel.appcore.dll
0x00007fff25f30000 - 0x00007fff25fe3000 	C:\Windows\system32\shcore.dll
0x00007fff25ee0000 - 0x00007fff25f2a000 	C:\Windows\system32\powrprof.dll
0x00007fff25e90000 - 0x00007fff25ea3000 	C:\Windows\system32\profapi.dll

VM Arguments:
jvm_args: -Djava.awt.headless=true -Xmx1024M -Dfile.encoding=windows-1252 -Duser.country=US -Duser.language=en -Duser.variant 
java_command: com.android.dx.command.Main --dex --force-jumbo --num-threads=4 --multi-dex --output E:\HOCTAP\ANDROID\Projects\NgonNguLapTrinh\app\build\intermediates\transforms\dex\debug\folders\1000\10\internal_impl-23.4.0_7aae5e9a79e467b8e77649dcb79f625b1204ac64 E:\HOCTAP\ANDROID\Projects\NgonNguLapTrinh\app\build\intermediates\exploded-aar\com.android.support\support-v4\23.4.0\jars\libs\internal_impl-23.4.0.jar
java_class_path (initial): C:\Users\Ngoc Thang\AppData\Local\Android\Sdk\build-tools\24.0.0\lib\dx.jar
Launcher Type: SUN_STANDARD

Environment Variables:
PATH=C:\Windows\system32;C:\Windows;C:\Windows\System32\Wbem;C:\Windows\System32\WindowsPowerShell\v1.0\;C:\Program Files (x86)\Skype\Phone\;C:\Program Files\Microsoft SQL Server\120\DTS\Binn\;C:\Program Files\Microsoft SQL Server\Client SDK\ODBC\110\Tools\Binn\;C:\Program Files (x86)\Microsoft SQL Server\120\Tools\Binn\;C:\Program Files\Microsoft SQL Server\120\Tools\Binn\;C:\Program Files (x86)\Microsoft SQL Server\120\Tools\Binn\ManagementStudio\;C:\Program Files (x86)\Microsoft SQL Server\120\DTS\Binn\;C:\Program Files (x86)\Windows Kits\8.1\Windows Performance Toolkit\;C:\Program Files\Microsoft SQL Server\110\Tools\Binn\;C:\Program Files (x86)\Microsoft SDKs\TypeScript\1.0\;C:\Program Files\Git\cmd;C:\Program Files\Microsoft\Web Platform Installer\;C:\xampp\php;C:\ProgramData\ComposerSetup\bin;C:\Program Files (x86)\Microsoft SQL Server\100\Tools\Binn\;C:\Program Files (x86)\Microsoft SQL Server\100\DTS\Binn\;C:\Users\Ngoc Thang\AppData\Roaming\Composer\vendor\bin
USERNAME=Ngoc Thang
OS=Windows_NT
PROCESSOR_IDENTIFIER=Intel64 Family 6 Model 69 Stepping 1, GenuineIntel



---------------  S Y S T E M  ---------------

OS: Windows 10.0 , 64 bit Build 10240 (10.0.10240.16384)

CPU:total 4 (2 cores per cpu, 2 threads per core) family 6 model 69 stepping 1, cmov, cx8, fxsr, mmx, sse, sse2, sse3, ssse3, sse4.1, sse4.2, popcnt, avx, avx2, aes, clmul, erms, lzcnt, ht, tsc, tscinvbit, bmi1, bmi2

Memory: 4k page, physical 4099796k(64844k free), swap 5529300k(3528k free)

vm_info: Java HotSpot(TM) 64-Bit Server VM (25.77-b03) for windows-amd64 JRE (1.8.0_77-b03), built on Mar 20 2016 22:01:33 by "java_re" with MS VC++ 10.0 (VS2010)

time: Sat Jul 02 00:58:47 2016
elapsed time: 8 seconds (0d 0h 0m 8s)

